#
# There is insufficient memory for the Java Runtime Environment to continue.
# Native memory allocation (mmap) failed to map 116916224 bytes for committing reserved memory.
# Possible reasons:
#   The system is out of physical RAM or swap space
#   In 32 bit mode, the process size limit was hit
# Possible solutions:
#   Reduce memory load on the system
#   Increase physical memory or swap space
#   Check if swap backing store is full
#   Use 64 bit Java on a 64 bit OS
#   Decrease Java heap size (-Xmx/-Xms)
#   Decrease number of Java threads
#   Decrease Java thread stack sizes (-Xss)
#   Set larger code cache with -XX:ReservedCodeCacheSize=
# This output file may be truncated or incomplete.
#
#  Out of Memory Error (os_linux.cpp:2627), pid=3726, tid=0x00007f150d9f9700
#
# JRE version: Java(TM) SE Runtime Environment (8.0_102-b14) (build 1.8.0_102-b14)
# Java VM: Java HotSpot(TM) 64-Bit Server VM (25.102-b14 mixed mode linux-amd64 compressed oops)
# Failed to write core dump. Core dumps have been disabled. To enable core dumping, try "ulimit -c unlimited" before starting Java again
#

---------------  T H R E A D  ---------------

Current thread (0x00007f1520076800):  VMThread [stack: 0x00007f150d8f9000,0x00007f150d9fa000] [id=3734]

Stack: [0x00007f150d8f9000,0x00007f150d9fa000],  sp=0x00007f150d9f82a0,  free space=1020k
Native frames: (J=compiled Java code, j=interpreted, Vv=VM code, C=native code)
V  [libjvm.so+0xac52aa]  VMError::report_and_die()+0x2ba
V  [libjvm.so+0x4fc29b]  report_vm_out_of_memory(char const*, int, unsigned long, VMErrorType, char const*)+0x8b
V  [libjvm.so+0x922603]  os::Linux::commit_memory_impl(char*, unsigned long, bool)+0x103
V  [libjvm.so+0x922b59]  os::pd_commit_memory(char*, unsigned long, unsigned long, bool)+0x29
V  [libjvm.so+0x91ce5a]  os::commit_memory(char*, unsigned long, unsigned long, bool)+0x2a
V  [libjvm.so+0x9915e3]  PSVirtualSpace::expand_by(unsigned long)+0x53
V  [libjvm.so+0x981ea0]  PSOldGen::expand(unsigned long)+0x170
V  [libjvm.so+0x9820ab]  PSOldGen::resize(unsigned long)+0x1cb
V  [libjvm.so+0x989db1]  PSParallelCompact::invoke_no_policy(bool)+0x991
V  [libjvm.so+0x98f70d]  PSScavenge::invoke()+0x1ad
V  [libjvm.so+0x9462f0]  ParallelScavengeHeap::failed_mem_allocate(unsigned long)+0x70
V  [libjvm.so+0xac6cc7]  VM_ParallelGCFailedAllocation::doit()+0x97
V  [libjvm.so+0xace7a5]  VM_Operation::evaluate()+0x55
V  [libjvm.so+0xaccb7a]  VMThread::evaluate_operation(VM_Operation*)+0xba
V  [libjvm.so+0xaccefe]  VMThread::loop()+0x1ce
V  [libjvm.so+0xacd370]  VMThread::run()+0x70
V  [libjvm.so+0x9249c8]  java_start(Thread*)+0x108

VM_Operation (0x00007f148b1fbb50): ParallelGCFailedAllocation, mode: safepoint, requested by thread 0x00007f14ac011800


---------------  P R O C E S S  ---------------

Java Threads: ( => current thread )
  0x00007f14a00d6800 JavaThread "pool-28-thread-4" [_thread_blocked, id=5272, stack(0x00007f148a8f7000,0x00007f148a9f8000)]
  0x00007f14a00d6000 JavaThread "pool-28-thread-3" [_thread_blocked, id=5271, stack(0x00007f148a9f8000,0x00007f148aaf9000)]
  0x00007f14a00d5000 JavaThread "pool-28-thread-2" [_thread_blocked, id=5270, stack(0x00007f148aaf9000,0x00007f148abfa000)]
  0x00007f14a0001000 JavaThread "pool-29-thread-1" [_thread_blocked, id=5269, stack(0x00007f148aefb000,0x00007f148affc000)]
  0x00007f14a0002800 JavaThread "pool-28-thread-1" [_thread_blocked, id=5268, stack(0x00007f148adfa000,0x00007f148aefb000)]
  0x00007f14bc019800 JavaThread "pool-14-thread-4" [_thread_blocked, id=5264, stack(0x00007f148affc000,0x00007f148b0fd000)]
  0x00007f14ac011800 JavaThread "pool-20-thread-4" [_thread_blocked, id=5263, stack(0x00007f148b0fd000,0x00007f148b1fe000)]
  0x00007f14dc838000 JavaThread "pool-18-thread-4" [_thread_blocked, id=5262, stack(0x00007f148b1fe000,0x00007f148b2ff000)]
  0x00007f14ac010000 JavaThread "pool-20-thread-3" [_thread_blocked, id=5261, stack(0x00007f148beff000,0x00007f148c000000)]
  0x00007f14ac00f000 JavaThread "pool-20-thread-2" [_thread_blocked, id=5260, stack(0x00007f14a82ad000,0x00007f14a83ae000)]
  0x00007f14dcb73800 JavaThread "pool-18-thread-3" [_thread_blocked, id=5259, stack(0x00007f14a8f9d000,0x00007f14a909e000)]
  0x00007f14dcb72800 JavaThread "pool-18-thread-2" [_thread_blocked, id=5258, stack(0x00007f14a88b3000,0x00007f14a89b4000)]
  0x00007f148401d000 JavaThread "pool-19-thread-4" [_thread_blocked, id=5257, stack(0x00007f14a8b99000,0x00007f14a8c9a000)]
  0x00007f14ac00e000 JavaThread "pool-23-thread-1" [_thread_blocked, id=5256, stack(0x00007f14a86b1000,0x00007f14a87b2000)]
  0x00007f14ac00d000 JavaThread "pool-20-thread-1" [_thread_blocked, id=5255, stack(0x00007f14a80ab000,0x00007f14a81ac000)]
  0x00007f148401c000 JavaThread "pool-19-thread-3" [_thread_blocked, id=5254, stack(0x00007f14a84af000,0x00007f14a85b0000)]
  0x00007f148401a800 JavaThread "pool-19-thread-2" [_thread_blocked, id=5253, stack(0x00007f14a87b2000,0x00007f14a88b3000)]
  0x00007f14dc2ab000 JavaThread "pool-21-thread-1" [_thread_blocked, id=5252, stack(0x00007f14a83ae000,0x00007f14a84af000)]
  0x00007f1484001800 JavaThread "pool-22-thread-1" [_thread_blocked, id=5251, stack(0x00007f14a85b0000,0x00007f14a86b1000)]
  0x00007f1484003800 JavaThread "pool-19-thread-1" [_thread_blocked, id=5250, stack(0x00007f14a81ac000,0x00007f14a82ad000)]
  0x00007f14dc2aa000 JavaThread "pool-18-thread-1" [_thread_blocked, id=5249, stack(0x00007f14a8c9a000,0x00007f14a8d9b000)]
  0x00007f149c001800 JavaThread "pool-14-thread-2" [_thread_blocked, id=5248, stack(0x00007f14a89b4000,0x00007f14a8ab5000)]
  0x00007f14b47c1000 JavaThread "pool-14-thread-1" [_thread_blocked, id=5247, stack(0x00007f14a8d9b000,0x00007f14a8e9c000)]
  0x00007f14b8003000 JavaThread "pool-14-thread-3" [_thread_blocked, id=5246, stack(0x00007f14a8e9c000,0x00007f14a8f9d000)]
  0x00007f14a410f800 JavaThread "pool-11-thread-4" [_thread_blocked, id=5245, stack(0x00007f14a92a0000,0x00007f14a93a1000)]
  0x00007f14a410f000 JavaThread "pool-11-thread-3" [_thread_blocked, id=5244, stack(0x00007f14a9aa2000,0x00007f14a9ba3000)]
  0x00007f14a4462000 JavaThread "pool-11-thread-2" [_thread_blocked, id=5243, stack(0x00007f14a919f000,0x00007f14a92a0000)]
  0x00007f14a456d000 JavaThread "pool-11-thread-1" [_thread_blocked, id=5229, stack(0x00007f14a93a1000,0x00007f14a94a2000)]
  0x00007f14b400b800 JavaThread "process reaper" daemon [_thread_blocked, id=5191, stack(0x00007f14a8aee000,0x00007f14a8b27000)]
  0x00007f14a44be000 JavaThread "Cache update executor" [_thread_blocked, id=5187, stack(0x00007f14a909e000,0x00007f14a919f000)]
  0x00007f14a46cf800 JavaThread "Stdin handler" [_thread_blocked, id=5180, stack(0x00007f14e8853000,0x00007f14e8954000)]
  0x00007f14a46af000 JavaThread "Asynchronous log dispatcher for DefaultDaemonConnection: socket connection from /127.0.0.1:38487 to /127.0.0.1:52132" [_thread_blocked, id=5179, stack(0x00007f14e8954000,0x00007f14e8a55000)]
  0x00007f14c8005800 JavaThread "Daemon worker Thread 9" [_thread_blocked, id=5178, stack(0x00007f14e8e57000,0x00007f14e8f58000)]
  0x00007f14c8004000 JavaThread "Cancel handler" [_thread_blocked, id=5177, stack(0x00007f14e8a55000,0x00007f14e8b56000)]
  0x00007f14c8007000 JavaThread "Handler for socket connection from /127.0.0.1:38487 to /127.0.0.1:52132" [_thread_in_native, id=5176, stack(0x00007f14e8b56000,0x00007f14e8c57000)]
  0x00007f14c4039800 JavaThread "Daemon Thread 9" [_thread_blocked, id=5175, stack(0x00007f14e8f58000,0x00007f14e9059000)]
  0x00007f14b4415800 JavaThread "File lock request listener" [_thread_in_native, id=3755, stack(0x00007f14e84d9000,0x00007f14e85da000)]
  0x00007f1520ce9000 JavaThread "Incoming local TCP Connector on port 38487" [_thread_in_native, id=3744, stack(0x00007f14e9260000,0x00007f14e9361000)]
  0x00007f1520cbd800 JavaThread "pool-1-thread-1" [_thread_blocked, id=3743, stack(0x00007f14e9361000,0x00007f14e9462000)]
  0x00007f15200d1000 JavaThread "Service Thread" daemon [_thread_blocked, id=3741, stack(0x00007f150d1f2000,0x00007f150d2f3000)]
  0x00007f15200bc000 JavaThread "C1 CompilerThread2" daemon [_thread_blocked, id=3740, stack(0x00007f150d2f3000,0x00007f150d3f4000)]
  0x00007f15200ba000 JavaThread "C2 CompilerThread1" daemon [_thread_blocked, id=3739, stack(0x00007f150d3f4000,0x00007f150d4f5000)]
  0x00007f15200b7800 JavaThread "C2 CompilerThread0" daemon [_thread_blocked, id=3738, stack(0x00007f150d4f5000,0x00007f150d5f6000)]
  0x00007f15200b6000 JavaThread "Signal Dispatcher" daemon [_thread_blocked, id=3737, stack(0x00007f150d5f6000,0x00007f150d6f7000)]
  0x00007f1520083000 JavaThread "Finalizer" daemon [_thread_blocked, id=3736, stack(0x00007f150d6f7000,0x00007f150d7f8000)]
  0x00007f152007e000 JavaThread "Reference Handler" daemon [_thread_blocked, id=3735, stack(0x00007f150d7f8000,0x00007f150d8f9000)]
  0x00007f1520008000 JavaThread "main" [_thread_blocked, id=3728, stack(0x00007f1528d0e000,0x00007f1528e0f000)]

Other Threads:
=>0x00007f1520076800 VMThread [stack: 0x00007f150d8f9000,0x00007f150d9fa000] [id=3734]
  0x00007f15200d4000 WatcherThread [stack: 0x00007f150d0f1000,0x00007f150d1f2000] [id=3742]

VM state:at safepoint (normal execution)

VM Mutex/Monitor currently owned by a thread:  ([mutex/lock_event])
[0x00007f1520005af0] ExpandHeap_lock - owner thread: 0x00007f1520076800
[0x00007f1520006170] Threads_lock - owner thread: 0x00007f1520076800
[0x00007f1520006670] Heap_lock - owner thread: 0x00007f14ac011800

Heap:
 PSYoungGen      total 411136K, used 32148K [0x00000000e0000000, 0x0000000100000000, 0x0000000100000000)
  eden space 362496K, 0% used [0x00000000e0000000,0x00000000e0000000,0x00000000f6200000)
  from space 48640K, 66% used [0x00000000fd080000,0x00000000fefe5050,0x0000000100000000)
  to   space 80896K, 0% used [0x00000000f6200000,0x00000000f6200000,0x00000000fb100000)
 ParOldGen       total 146432K, used 146116K [0x00000000a0000000, 0x00000000a8f00000, 0x00000000e0000000)
  object space 146432K, 99% used [0x00000000a0000000,0x00000000a8eb1240,0x00000000a8f00000)
 Metaspace       used 77634K, capacity 83746K, committed 84184K, reserved 1122304K
  class space    used 10148K, capacity 11195K, committed 11264K, reserved 1048576K

Card table byte_map: [0x00007f1525df2000,0x00007f15260f3000] byte_map_base: 0x00007f15258f2000

Marking Bits: (ParMarkBitMap*) 0x00007f15281eec60
 Begin Bits: [0x00007f150e000000, 0x00007f150f800000)
 End Bits:   [0x00007f150f800000, 0x00007f1511000000)

Polling page: 0x00007f1528e35000

CodeCache: size=245760Kb used=55224Kb max_used=56746Kb free=190535Kb
 bounds [0x00007f1511000000, 0x00007f15147c0000, 0x00007f1520000000]
 total_blobs=15926 nmethods=15128 adapters=709
 compilation: enabled

Compilation events (10 events):
Event: 2647,814 Thread 0x00007f15200bc000 nmethod 19229 0x00007f151357ddd0 code [0x00007f151357df40, 0x00007f151357e118]
Event: 2647,814 Thread 0x00007f15200bc000 19350       3       com.android.dx.ssa.SsaMethod::convertRopToSsaBlocks (103 bytes)
Event: 2647,816 Thread 0x00007f15200bc000 nmethod 19350 0x00007f1512d58410 code [0x00007f1512d58640, 0x00007f1512d59528]
Event: 2647,816 Thread 0x00007f15200bc000 19349       2       com.android.dx.rop.type.Prototype::makeParameterArray (131 bytes)
Event: 2647,818 Thread 0x00007f15200bc000 nmethod 19349 0x00007f15135c4950 code [0x00007f15135c4b40, 0x00007f15135c51b8]
Event: 2647,818 Thread 0x00007f15200bc000 19356       1       com.android.dx.util.ByteArray::getByte0 (12 bytes)
Event: 2647,818 Thread 0x00007f15200bc000 nmethod 19356 0x00007f15135c4050 code [0x00007f15135c41a0, 0x00007f15135c42d0]
Event: 2647,818 Thread 0x00007f15200bc000 18393       1       com.android.dx.dex.file.DexFile::getMethodIds (5 bytes)
Event: 2647,818 Thread 0x00007f15200bc000 nmethod 18393 0x00007f1513bc0b10 code [0x00007f1513bc0c60, 0x00007f1513bc0d70]
Event: 2647,818 Thread 0x00007f15200bc000 19316       2       com.android.dx.ssa.SsaMethod::getGoto (26 bytes)

GC Heap History (10 events):
Event: 2636,583 GC heap after
Heap after GC invocations=32 (full 3):
 PSYoungGen      total 416768K, used 26740K [0x00000000e0000000, 0x00000000ffe80000, 0x0000000100000000)
  eden space 370176K, 0% used [0x00000000e0000000,0x00000000e0000000,0x00000000f6980000)
  from space 46592K, 57% used [0x00000000f6980000,0x00000000f839d220,0x00000000f9700000)
  to   space 46080K, 0% used [0x00000000fd180000,0x00000000fd180000,0x00000000ffe80000)
 ParOldGen       total 90112K, used 70591K [0x00000000a0000000, 0x00000000a5800000, 0x00000000e0000000)
  object space 90112K, 78% used [0x00000000a0000000,0x00000000a44efda0,0x00000000a5800000)
 Metaspace       used 75601K, capacity 82104K, committed 82392K, reserved 1120256K
  class space    used 10012K, capacity 11159K, committed 11264K, reserved 1048576K
}
Event: 2641,002 GC heap before
{Heap before GC invocations=33 (full 3):
 PSYoungGen      total 416768K, used 396916K [0x00000000e0000000, 0x00000000ffe80000, 0x0000000100000000)
  eden space 370176K, 100% used [0x00000000e0000000,0x00000000f6980000,0x00000000f6980000)
  from space 46592K, 57% used [0x00000000f6980000,0x00000000f839d220,0x00000000f9700000)
  to   space 46080K, 0% used [0x00000000fd180000,0x00000000fd180000,0x00000000ffe80000)
 ParOldGen       total 90112K, used 70591K [0x00000000a0000000, 0x00000000a5800000, 0x00000000e0000000)
  object space 90112K, 78% used [0x00000000a0000000,0x00000000a44efda0,0x00000000a5800000)
 Metaspace       used 75763K, capacity 82224K, committed 82392K, reserved 1120256K
  class space    used 10040K, capacity 11195K, committed 11264K, reserved 1048576K
Event: 2641,102 GC heap after
Heap after GC invocations=33 (full 3):
 PSYoungGen      total 474624K, used 20160K [0x00000000e0000000, 0x00000000ffb80000, 0x0000000100000000)
  eden space 431616K, 0% used [0x00000000e0000000,0x00000000e0000000,0x00000000fa580000)
  from space 43008K, 46% used [0x00000000fd180000,0x00000000fe530140,0x00000000ffb80000)
  to   space 44032K, 0% used [0x00000000fa580000,0x00000000fa580000,0x00000000fd080000)
 ParOldGen       total 90112K, used 84070K [0x00000000a0000000, 0x00000000a5800000, 0x00000000e0000000)
  object space 90112K, 93% used [0x00000000a0000000,0x00000000a5219a80,0x00000000a5800000)
 Metaspace       used 75763K, capacity 82224K, committed 82392K, reserved 1120256K
  class space    used 10040K, capacity 11195K, committed 11264K, reserved 1048576K
}
Event: 2641,122 GC heap before
{Heap before GC invocations=34 (full 4):
 PSYoungGen      total 474624K, used 20160K [0x00000000e0000000, 0x00000000ffb80000, 0x0000000100000000)
  eden space 431616K, 0% used [0x00000000e0000000,0x00000000e0000000,0x00000000fa580000)
  from space 43008K, 46% used [0x00000000fd180000,0x00000000fe530140,0x00000000ffb80000)
  to   space 44032K, 0% used [0x00000000fa580000,0x00000000fa580000,0x00000000fd080000)
 ParOldGen       total 90112K, used 84070K [0x00000000a0000000, 0x00000000a5800000, 0x00000000e0000000)
  object space 90112K, 93% used [0x00000000a0000000,0x00000000a5219a80,0x00000000a5800000)
 Metaspace       used 75763K, capacity 82224K, committed 82392K, reserved 1120256K
  class space    used 10040K, capacity 11195K, committed 11264K, reserved 1048576K
Event: 2641,886 GC heap after
Heap after GC invocations=34 (full 4):
 PSYoungGen      total 474624K, used 0K [0x00000000e0000000, 0x00000000ffb80000, 0x0000000100000000)
  eden space 431616K, 0% used [0x00000000e0000000,0x00000000e0000000,0x00000000fa580000)
  from space 43008K, 0% used [0x00000000fd180000,0x00000000fd180000,0x00000000ffb80000)
  to   space 44032K, 0% used [0x00000000fa580000,0x00000000fa580000,0x00000000fd080000)
 ParOldGen       total 146432K, used 72027K [0x00000000a0000000, 0x00000000a8f00000, 0x00000000e0000000)
  object space 146432K, 49% used [0x00000000a0000000,0x00000000a4656d30,0x00000000a8f00000)
 Metaspace       used 75069K, capacity 81168K, committed 82392K, reserved 1120256K
  class space    used 9905K, capacity 10960K, committed 11264K, reserved 1048576K
}
Event: 2646,080 GC heap before
{Heap before GC invocations=35 (full 4):
 PSYoungGen      total 474624K, used 431616K [0x00000000e0000000, 0x00000000ffb80000, 0x0000000100000000)
  eden space 431616K, 100% used [0x00000000e0000000,0x00000000fa580000,0x00000000fa580000)
  from space 43008K, 0% used [0x00000000fd180000,0x00000000fd180000,0x00000000ffb80000)
  to   space 44032K, 0% used [0x00000000fa580000,0x00000000fa580000,0x00000000fd080000)
 ParOldGen       total 146432K, used 72027K [0x00000000a0000000, 0x00000000a8f00000, 0x00000000e0000000)
  object space 146432K, 49% used [0x00000000a0000000,0x00000000a4656d30,0x00000000a8f00000)
 Metaspace       used 77517K, capacity 83640K, committed 83928K, reserved 1122304K
  class space    used 10151K, capacity 11200K, committed 11264K, reserved 1048576K
Event: 2646,205 GC heap after
Heap after GC invocations=35 (full 4):
 PSYoungGen      total 475648K, used 44001K [0x00000000e0000000, 0x0000000100000000, 0x0000000100000000)
  eden space 431616K, 0% used [0x00000000e0000000,0x00000000e0000000,0x00000000fa580000)
  from space 44032K, 99% used [0x00000000fa580000,0x00000000fd0784f0,0x00000000fd080000)
  to   space 48640K, 0% used [0x00000000fd080000,0x00000000fd080000,0x0000000100000000)
 ParOldGen       total 146432K, used 84398K [0x00000000a0000000, 0x00000000a8f00000, 0x00000000e0000000)
  object space 146432K, 57% used [0x00000000a0000000,0x00000000a526b938,0x00000000a8f00000)
 Metaspace       used 77517K, capacity 83640K, committed 83928K, reserved 1122304K
  class space    used 10151K, capacity 11200K, committed 11264K, reserved 1048576K
}
Event: 2647,839 GC heap before
{Heap before GC invocations=36 (full 4):
 PSYoungGen      total 475648K, used 475617K [0x00000000e0000000, 0x0000000100000000, 0x0000000100000000)
  eden space 431616K, 100% used [0x00000000e0000000,0x00000000fa580000,0x00000000fa580000)
  from space 44032K, 99% used [0x00000000fa580000,0x00000000fd0784f0,0x00000000fd080000)
  to   space 48640K, 0% used [0x00000000fd080000,0x00000000fd080000,0x0000000100000000)
 ParOldGen       total 146432K, used 84398K [0x00000000a0000000, 0x00000000a8f00000, 0x00000000e0000000)
  object space 146432K, 57% used [0x00000000a0000000,0x00000000a526b938,0x00000000a8f00000)
 Metaspace       used 77642K, capacity 83768K, committed 84184K, reserved 1122304K
  class space    used 10151K, capacity 11200K, committed 11264K, reserved 1048576K
Event: 2648,058 GC heap after
Heap after GC invocations=36 (full 4):
 PSYoungGen      total 411136K, used 48625K [0x00000000e0000000, 0x0000000100000000, 0x0000000100000000)
  eden space 362496K, 0% used [0x00000000e0000000,0x00000000e0000000,0x00000000f6200000)
  from space 48640K, 99% used [0x00000000fd080000,0x00000000ffffc690,0x0000000100000000)
  to   space 80896K, 0% used [0x00000000f6200000,0x00000000f6200000,0x00000000fb100000)
 ParOldGen       total 146432K, used 139635K [0x00000000a0000000, 0x00000000a8f00000, 0x00000000e0000000)
  object space 146432K, 95% used [0x00000000a0000000,0x00000000a885cf78,0x00000000a8f00000)
 Metaspace       used 77642K, capacity 83768K, committed 84184K, reserved 1122304K
  class space    used 10151K, capacity 11200K, committed 11264K, reserved 1048576K
}
Event: 2648,140 GC heap before
{Heap before GC invocations=37 (full 5):
 PSYoungGen      total 411136K, used 48625K [0x00000000e0000000, 0x0000000100000000, 0x0000000100000000)
  eden space 362496K, 0% used [0x00000000e0000000,0x00000000e0000000,0x00000000f6200000)
  from space 48640K, 99% used [0x00000000fd080000,0x00000000ffffc690,0x0000000100000000)
  to   space 80896K, 0% used [0x00000000f6200000,0x00000000f6200000,0x00000000fb100000)
 ParOldGen       total 146432K, used 139635K [0x00000000a0000000, 0x00000000a8f00000, 0x00000000e0000000)
  object space 146432K, 95% used [0x00000000a0000000,0x00000000a885cf78,0x00000000a8f00000)
 Metaspace       used 77642K, capacity 83768K, committed 84184K, reserved 1122304K
  class space    used 10151K, capacity 11200K, committed 11264K, reserved 1048576K

Deoptimization events (10 events):
Event: 2643,278 Thread 0x00007f14dc838000 Uncommon trap: reason=unstable_if action=reinterpret pc=0x00007f151459fef8 method=java.util.BitSet.ensureCapacity(I)V @ 6
Event: 2644,111 Thread 0x00007f14b47c1000 Uncommon trap: reason=unloaded action=reinterpret pc=0x00007f1514581d88 method=com.android.dx.cf.cst.ConstantPoolParser.parse0(ILjava/util/BitSet;)Lcom/android/dx/rop/cst/Constant; @ 154
Event: 2644,383 Thread 0x00007f14a0002800 Uncommon trap: reason=class_check action=maybe_recompile pc=0x00007f15145cb410 method=com.android.dx.ssa.NormalSsaInsn.accept(Lcom/android/dx/ssa/SsaInsn$Visitor;)V @ 9
Event: 2644,398 Thread 0x00007f14b47c1000 Uncommon trap: reason=unstable_if action=reinterpret pc=0x00007f1512490374 method=java.util.concurrent.ConcurrentHashMap.addCount(JI)V @ 34
Event: 2644,398 Thread 0x00007f14a00d5000 Uncommon trap: reason=unstable_if action=reinterpret pc=0x00007f1511523a34 method=java.util.concurrent.ConcurrentHashMap.addCount(JI)V @ 7
Event: 2644,675 Thread 0x00007f14ac010000 Uncommon trap: reason=null_check action=make_not_entrant pc=0x00007f1511219a68 method=com.android.dx.rop.type.Type.equals(Ljava/lang/Object;)Z @ 8
Event: 2644,753 Thread 0x00007f149c001800 Uncommon trap: reason=class_check action=maybe_recompile pc=0x00007f15145cb410 method=com.android.dx.ssa.NormalSsaInsn.accept(Lcom/android/dx/ssa/SsaInsn$Visitor;)V @ 9
Event: 2644,762 Thread 0x00007f14a00d5000 Uncommon trap: reason=unstable_if action=reinterpret pc=0x00007f151406c6c4 method=com.android.dx.util.IntList.binarysearch(I)I @ 105
Event: 2644,795 Thread 0x00007f14dcb73800 Uncommon trap: reason=class_check action=maybe_recompile pc=0x00007f15145cb410 method=com.android.dx.ssa.NormalSsaInsn.accept(Lcom/android/dx/ssa/SsaInsn$Visitor;)V @ 9
Event: 2645,052 Thread 0x00007f14dc838000 Uncommon trap: reason=class_check action=maybe_recompile pc=0x00007f15145cb410 method=com.android.dx.ssa.NormalSsaInsn.accept(Lcom/android/dx/ssa/SsaInsn$Visitor;)V @ 9

Internal exceptions (10 events):
Event: 2605,469 Thread 0x00007f14c8005800 Exception <a 'java/lang/ClassNotFoundException': com/android/build/gradle/tasks/fd/GenerateInstantRunAppInfoTaskBeanInfo> (0x00000000ebbc5c30) thrown at [/HUDSON3/workspace/8-2-build-linux-amd64/jdk8u102/7268/hotspot/src/share/vm/classfile/systemDictionar
Event: 2605,469 Thread 0x00007f14c8005800 Exception <a 'java/lang/ClassNotFoundException': com/android/build/gradle/tasks/fd/GenerateInstantRunAppInfoTaskCustomizer> (0x00000000ebbdbbf0) thrown at [/HUDSON3/workspace/8-2-build-linux-amd64/jdk8u102/7268/hotspot/src/share/vm/classfile/systemDiction
Event: 2605,470 Thread 0x00007f14c8005800 Exception <a 'java/lang/ClassNotFoundException': com/android/build/gradle/tasks/fd/GenerateInstantRunAppInfoTask_DecoratedCustomizer> (0x00000000ebc07c58) thrown at [/HUDSON3/workspace/8-2-build-linux-amd64/jdk8u102/7268/hotspot/src/share/vm/classfile/sys
Event: 2613,551 Thread 0x00007f14c8005800 Implicit null exception at 0x00007f1512cb33a4 to 0x00007f1512cb68fd
Event: 2623,847 Thread 0x00007f14c8005800 Implicit null exception at 0x00007f151124645b to 0x00007f151124666b
Event: 2624,756 Thread 0x00007f14c8005800 Exception <a 'java/io/FileNotFoundException'> (0x00000000e095a928) thrown at [/HUDSON3/workspace/8-2-build-linux-amd64/jdk8u102/7268/hotspot/src/share/vm/prims/jni.cpp, line 709]
Event: 2624,868 Thread 0x00007f14c8005800 Implicit null exception at 0x00007f15136e42b1 to 0x00007f15136e8131
Event: 2642,639 Thread 0x00007f14a456d000 Exception <a 'sun/nio/fs/UnixException'> (0x00000000e1acbb18) thrown at [/HUDSON3/workspace/8-2-build-linux-amd64/jdk8u102/7268/hotspot/src/share/vm/prims/jni.cpp, line 709]
Event: 2642,776 Thread 0x00007f14a456d000 Implicit null exception at 0x00007f15132dca91 to 0x00007f15132dcb7d
Event: 2644,675 Thread 0x00007f14ac010000 Implicit null exception at 0x00007f1511219962 to 0x00007f1511219a5b

Events (10 events):
Event: 2647,768 Thread 0x00007f148401c000 DEOPT UNPACKING pc=0x00007f1511047633 sp=0x00007f14a85adb60 mode 0
Event: 2647,807 Thread 0x00007f1484003800 DEOPT PACKING pc=0x00007f15146ba56c sp=0x00007f14a82aafc0
Event: 2647,807 Thread 0x00007f1484003800 DEOPT UNPACKING pc=0x00007f1511047633 sp=0x00007f14a82aacc0 mode 0
Event: 2647,807 Thread 0x00007f1484003800 DEOPT PACKING pc=0x00007f15147a101e sp=0x00007f14a82ab070
Event: 2647,807 Thread 0x00007f1484003800 DEOPT UNPACKING pc=0x00007f1511047633 sp=0x00007f14a82aae20 mode 0
Event: 2647,820 Thread 0x00007f14ac010000 DEOPT PACKING pc=0x00007f151478944a sp=0x00007f148bffe070
Event: 2647,820 Thread 0x00007f14ac010000 DEOPT UNPACKING pc=0x00007f1511047633 sp=0x00007f148bffde28 mode 0
Event: 2647,825 Thread 0x00007f14ac00f000 DEOPT PACKING pc=0x00007f151466ced1 sp=0x00007f14a83ac0f0
Event: 2647,825 Thread 0x00007f14ac00f000 DEOPT UNPACKING pc=0x00007f1511047633 sp=0x00007f14a83abe28 mode 0
Event: 2647,837 Executing VM operation: ParallelGCFailedAllocation


Dynamic libraries:
00400000-00401000 r-xp 00000000 08:03 12192999                           /usr/java/jdk1.8.0_102/bin/java
00600000-00601000 rw-p 00000000 08:03 12192999                           /usr/java/jdk1.8.0_102/bin/java
0149a000-014bb000 rw-p 00000000 00:00 0                                  [heap]
a0000000-a8f00000 rw-p 00000000 00:00 0 
afe80000-e0000000 ---p 00000000 00:00 0 
e0000000-100000000 rw-p 00000000 00:00 0 
100000000-100b00000 rw-p 00000000 00:00 0 
100b00000-140000000 ---p 00000000 00:00 0 
7f1484000000-7f1484043000 rw-p 00000000 00:00 0 
7f1484043000-7f1488000000 ---p 00000000 00:00 0 
7f148a8f7000-7f148a8fa000 ---p 00000000 00:00 0 
7f148a8fa000-7f148a9f8000 rw-p 00000000 00:00 0 
7f148a9f8000-7f148a9fb000 ---p 00000000 00:00 0 
7f148a9fb000-7f148aaf9000 rw-p 00000000 00:00 0 
7f148aaf9000-7f148aafc000 ---p 00000000 00:00 0 
7f148aafc000-7f148ad3a000 rw-p 00000000 00:00 0 
7f148ad3a000-7f148adfa000 ---p 00000000 00:00 0 
7f148adfa000-7f148adfd000 ---p 00000000 00:00 0 
7f148adfd000-7f148aefb000 rw-p 00000000 00:00 0 
7f148aefb000-7f148aefe000 ---p 00000000 00:00 0 
7f148aefe000-7f148affc000 rw-p 00000000 00:00 0 
7f148affc000-7f148afff000 ---p 00000000 00:00 0 
7f148afff000-7f148b0fd000 rw-p 00000000 00:00 0 
7f148b0fd000-7f148b100000 ---p 00000000 00:00 0 
7f148b100000-7f148b1fe000 rw-p 00000000 00:00 0 
7f148b1fe000-7f148b201000 ---p 00000000 00:00 0 
7f148b201000-7f148b4ff000 rw-p 00000000 00:00 0 
7f148b4ff000-7f148b6ff000 rw-p 00000000 00:00 0 
7f148b6ff000-7f148b8ff000 rw-p 00000000 00:00 0 
7f148b8ff000-7f148baff000 rw-p 00000000 00:00 0 
7f148baff000-7f148bcff000 rw-p 00000000 00:00 0 
7f148bcff000-7f148beff000 rw-p 00000000 00:00 0 
7f148beff000-7f148bf02000 ---p 00000000 00:00 0 
7f148bf02000-7f148c000000 rw-p 00000000 00:00 0 
7f148c000000-7f148c04b000 rw-p 00000000 00:00 0 
7f148c04b000-7f1490000000 ---p 00000000 00:00 0 
7f1490000000-7f1490021000 rw-p 00000000 00:00 0 
7f1490021000-7f1494000000 ---p 00000000 00:00 0 
7f1494000000-7f1494315000 rw-p 00000000 00:00 0 
7f1494315000-7f1498000000 ---p 00000000 00:00 0 
7f1498000000-7f1498021000 rw-p 00000000 00:00 0 
7f1498021000-7f149c000000 ---p 00000000 00:00 0 
7f149c000000-7f149c021000 rw-p 00000000 00:00 0 
7f149c021000-7f14a0000000 ---p 00000000 00:00 0 
7f14a0000000-7f14a01ad000 rw-p 00000000 00:00 0 
7f14a01ad000-7f14a4000000 ---p 00000000 00:00 0 
7f14a4000000-7f14a4882000 rw-p 00000000 00:00 0 
7f14a4882000-7f14a8000000 ---p 00000000 00:00 0 
7f14a806a000-7f14a806d000 r--s 0001a000 08:03 12324599                   /usr/java/jdk1.8.0_102/jre/lib/jce.jar
7f14a80ab000-7f14a80ae000 ---p 00000000 00:00 0 
7f14a80ae000-7f14a81ac000 rw-p 00000000 00:00 0 
7f14a81ac000-7f14a81af000 ---p 00000000 00:00 0 
7f14a81af000-7f14a82ad000 rw-p 00000000 00:00 0 
7f14a82ad000-7f14a82b0000 ---p 00000000 00:00 0 
7f14a82b0000-7f14a83ae000 rw-p 00000000 00:00 0 
7f14a83ae000-7f14a83b1000 ---p 00000000 00:00 0 
7f14a83b1000-7f14a84af000 rw-p 00000000 00:00 0 
7f14a84af000-7f14a84b2000 ---p 00000000 00:00 0 
7f14a84b2000-7f14a85b0000 rw-p 00000000 00:00 0 
7f14a85b0000-7f14a85b3000 ---p 00000000 00:00 0 
7f14a85b3000-7f14a86b1000 rw-p 00000000 00:00 0 
7f14a86b1000-7f14a86b4000 ---p 00000000 00:00 0 
7f14a86b4000-7f14a87b2000 rw-p 00000000 00:00 0 
7f14a87b2000-7f14a87b5000 ---p 00000000 00:00 0 
7f14a87b5000-7f14a88b3000 rw-p 00000000 00:00 0 
7f14a88b3000-7f14a88b6000 ---p 00000000 00:00 0 
7f14a88b6000-7f14a89b4000 rw-p 00000000 00:00 0 
7f14a89b4000-7f14a89b7000 ---p 00000000 00:00 0 
7f14a89b7000-7f14a8ab5000 rw-p 00000000 00:00 0 
7f14a8ab5000-7f14a8ab8000 ---p 00000000 00:00 0 
7f14a8ab8000-7f14a8aee000 rw-p 00000000 00:00 0 
7f14a8aee000-7f14a8af1000 ---p 00000000 00:00 0 
7f14a8af1000-7f14a8b27000 rw-p 00000000 00:00 0 
7f14a8b27000-7f14a8b2a000 ---p 00000000 00:00 0 
7f14a8b2a000-7f14a8b60000 rw-p 00000000 00:00 0 
7f14a8b60000-7f14a8b63000 ---p 00000000 00:00 0 
7f14a8b63000-7f14a8b99000 rw-p 00000000 00:00 0 
7f14a8b99000-7f14a8b9c000 ---p 00000000 00:00 0 
7f14a8b9c000-7f14a8c9a000 rw-p 00000000 00:00 0 
7f14a8c9a000-7f14a8c9d000 ---p 00000000 00:00 0 
7f14a8c9d000-7f14a8d9b000 rw-p 00000000 00:00 0 
7f14a8d9b000-7f14a8d9e000 ---p 00000000 00:00 0 
7f14a8d9e000-7f14a8e9c000 rw-p 00000000 00:00 0 
7f14a8e9c000-7f14a8e9f000 ---p 00000000 00:00 0 
7f14a8e9f000-7f14a8f9d000 rw-p 00000000 00:00 0 
7f14a8f9d000-7f14a8fa0000 ---p 00000000 00:00 0 
7f14a8fa0000-7f14a909e000 rw-p 00000000 00:00 0 
7f14a909e000-7f14a90a1000 ---p 00000000 00:00 0 
7f14a90a1000-7f14a919f000 rw-p 00000000 00:00 0 
7f14a919f000-7f14a91a2000 ---p 00000000 00:00 0 
7f14a91a2000-7f14a92a0000 rw-p 00000000 00:00 0 
7f14a92a0000-7f14a92a3000 ---p 00000000 00:00 0 
7f14a92a3000-7f14a93a1000 rw-p 00000000 00:00 0 
7f14a93a1000-7f14a93a4000 ---p 00000000 00:00 0 
7f14a93a4000-7f14a96a2000 rw-p 00000000 00:00 0 
7f14a96a2000-7f14a98a2000 rw-p 00000000 00:00 0 
7f14a98a2000-7f14a9aa2000 rw-p 00000000 00:00 0 
7f14a9aa2000-7f14a9aa5000 ---p 00000000 00:00 0 
7f14a9aa5000-7f14a9da3000 rw-p 00000000 00:00 0 
7f14a9da3000-7f14a9fa3000 rw-p 00000000 00:00 0 
7f14a9fa3000-7f14aa1a3000 rw-p 00000000 00:00 0 
7f14aa1a3000-7f14aa3a3000 rw-p 00000000 00:00 0 
7f14aa3a3000-7f14aa5a3000 rw-p 00000000 00:00 0 
7f14aa5a3000-7f14aa7a3000 rw-p 00000000 00:00 0 
7f14aa7a3000-7f14aa9a3000 rw-p 00000000 00:00 0 
7f14aa9a3000-7f14aa9b8000 r--s 000ff000 08:03 12324612                   /usr/java/jdk1.8.0_102/jre/lib/resources.jar
7f14aa9b8000-7f14aabb8000 rw-p 00000000 00:00 0 
7f14aabb8000-7f14aadb8000 rw-p 00000000 00:00 0 
7f14aadb8000-7f14aafb8000 rw-p 00000000 00:00 0 
7f14aafb8000-7f14ab1b8000 rw-p 00000000 00:00 0 
7f14ab1b8000-7f14ab3ae000 rw-p 00000000 00:00 0 
7f14ab3ae000-7f14ab3b8000 ---p 00000000 00:00 0 
7f14ab3b8000-7f14ab5b8000 rw-p 00000000 00:00 0 
7f14ab5b8000-7f14ab5b9000 r--s 00001000 08:03 26740603                   /home/pedro/.gradle/caches/jars-2/e7ciphpsk2l5j93dcs6850515edzr48/annotations-25.3.1.jar
7f14ab5b9000-7f14ab5c1000 r--s 000a8000 08:03 22023513                   /home/pedro/.gradle/caches/jars-2/lp0h431tl0554nh1vx6zomcvteflkp/lombok-ast-0.2.3.jar
7f14ab5c1000-7f14ab5d5000 r--s 000b4000 08:03 26740601                   /home/pedro/.gradle/caches/jars-2/hgvw6szzawm3evod5l2d6iutfug31w0/uast-162.2228.14.jar
7f14ab5d5000-7f14ab5d7000 r--s 0000d000 08:03 22023509                   /home/pedro/.gradle/caches/jars-2/7pwz1bowgakb1eux9ezb56jlturgsyi/commons-codec-1.4.jar
7f14ab5d7000-7f14ab5d9000 r--s 0000d000 08:03 22023507                   /home/pedro/.gradle/caches/jars-2/9dj1m0eyooi5qt13735vz8fpkl3cnfy/commons-logging-1.1.1.jar
7f14ab5d9000-7f14ab5de000 r--s 00028000 08:03 22023505                   /home/pedro/.gradle/caches/jars-2/62lv0fe9b3xbqe57f6ljy5upwi7mf6k/httpcore-4.1.jar
7f14ab5de000-7f14ab5e2000 r--s 0002f000 08:03 22023503                   /home/pedro/.gradle/caches/jars-2/gsg5n52frsvw6sx0swqqe2hwijwdcf0/jimfs-1.1.jar
7f14ab5e2000-7f14ab5e3000 r--s 00004000 08:03 22023501                   /home/pedro/.gradle/caches/jars-2/lxs252id0979odjrerlctkb26c2vj95/annotations-12.0.jar
7f14ab5e3000-7f14ab5e7000 r--s 00040000 08:03 26740599                   /home/pedro/.gradle/caches/jars-2/jv75gzi0rbej3i38160kterhdw6zdd8/lint-api-25.3.1.jar
7f14ab5e7000-7f14ab5ef000 r--s 0004e000 08:03 21892723                   /home/pedro/.gradle/caches/jars-2/7503wa5irssz0xxahv1xb82p2dl7rr2/httpclient-4.1.1.jar
7f14ab5ef000-7f14ab5f6000 r--s 00053000 08:03 21892721                   /home/pedro/.gradle/caches/jars-2/jgkfvs4eqggj7qsyw1f5d3up57hanj1/commons-compress-1.8.1.jar
7f14ab5f6000-7f14ab5fb000 r--s 0002a000 08:03 21892719                   /home/pedro/.gradle/caches/jars-2/je8f027qcr1z1egw08byp1ybxbp9kko/gson-2.2.4.jar
7f14ab5fb000-7f14ab600000 r--s 0002e000 08:03 26740597                   /home/pedro/.gradle/caches/jars-2/gzyprqdcro9z5wb2kdwh4yubk8ssibh/repository-25.3.1.jar
7f14ab600000-7f14ab800000 rw-p 00000000 00:00 0 
7f14ab800000-7f14aba00000 rw-p 00000000 00:00 0 
7f14aba00000-7f14abc00000 rw-p 00000000 00:00 0 
7f14abc00000-7f14abe00000 rw-p 00000000 00:00 0 
7f14abe00000-7f14ac000000 rw-p 00000000 00:00 0 
7f14ac000000-7f14ac045000 rw-p 00000000 00:00 0 
7f14ac045000-7f14b0000000 ---p 00000000 00:00 0 
7f14b0000000-7f14b0021000 rw-p 00000000 00:00 0 
7f14b0021000-7f14b4000000 ---p 00000000 00:00 0 
7f14b4000000-7f14b5552000 rw-p 00000000 00:00 0 
7f14b5552000-7f14b8000000 ---p 00000000 00:00 0 
7f14b8000000-7f14b8021000 rw-p 00000000 00:00 0 
7f14b8021000-7f14bc000000 ---p 00000000 00:00 0 
7f14bc000000-7f14bc27e000 rw-p 00000000 00:00 0 
7f14bc27e000-7f14c0000000 ---p 00000000 00:00 0 
7f14c0000000-7f14c0021000 rw-p 00000000 00:00 0 
7f14c0021000-7f14c4000000 ---p 00000000 00:00 0 
7f14c4000000-7f14c4065000 rw-p 00000000 00:00 0 
7f14c4065000-7f14c8000000 ---p 00000000 00:00 0 
7f14c8000000-7f14c8021000 rw-p 00000000 00:00 0 
7f14c8021000-7f14cc000000 ---p 00000000 00:00 0 
7f14cc000000-7f14cc021000 rw-p 00000000 00:00 0 
7f14cc021000-7f14d0000000 ---p 00000000 00:00 0 
7f14d0000000-7f14d0021000 rw-p 00000000 00:00 0 
7f14d0021000-7f14d4000000 ---p 00000000 00:00 0 
7f14d4000000-7f14d528f000 rw-p 00000000 00:00 0 
7f14d528f000-7f14d8000000 ---p 00000000 00:00 0 
7f14d8000000-7f14d8021000 rw-p 00000000 00:00 0 
7f14d8021000-7f14dc000000 ---p 00000000 00:00 0 
7f14dc000000-7f14de529000 rw-p 00000000 00:00 0 
7f14de529000-7f14e0000000 ---p 00000000 00:00 0 
7f14e0000000-7f14e2547000 rw-p 00000000 00:00 0 
7f14e2547000-7f14e4000000 ---p 00000000 00:00 0 
7f14e4000000-7f14e4021000 rw-p 00000000 00:00 0 
7f14e4021000-7f14e8000000 ---p 00000000 00:00 0 
7f14e8000000-7f14e8001000 r--s 00004000 08:03 22023499                   /home/pedro/.gradle/caches/jars-2/9kn99dr0rulyl67sct1ephwcop56l61/asm-analysis-5.0.4.jar
7f14e8001000-7f14e8002000 r--s 0000a000 08:03 21892727                   /home/pedro/.gradle/caches/jars-2/nwyg9io65lv6jvmwit2wq82xnnxd7ia/kxml2-2.3.0.jar
7f14e8002000-7f14e8004000 r--s 00005000 08:03 21892725                   /home/pedro/.gradle/caches/jars-2/i6hc1uuj8e9ck59slmzdyz78ydn8sr6/httpmime-4.1.jar
7f14e8004000-7f14e8007000 r--s 00012000 08:03 26740593                   /home/pedro/.gradle/caches/jars-2/g5ep1vx6xwdufr2dfvys3bevvs0qcgu/layoutlib-api-25.3.1.jar
7f14e8007000-7f14e800c000 r--s 00058000 08:03 21631330                   /home/pedro/.gradle/caches/jars-2/st159835qgxm0l87oqrnhayxos4lc1n/asm-debug-all-5.0.1.jar
7f14e800c000-7f14e801c000 r--s 000d5000 08:03 21631328                   /home/pedro/.gradle/caches/jars-2/qzf32gp9kej4w4hlbabft6tplu74cj3/proguard-base-5.3.2.jar
7f14e801c000-7f14e801f000 r--s 00033000 08:03 21631326                   /home/pedro/.gradle/caches/jars-2/nz9sndmr8b4xbj4xulkaciy5kdbyfiz/juniversalchardet-1.0.3.jar
7f14e801f000-7f14e8023000 r--s 0002a000 08:03 21631324                   /home/pedro/.gradle/caches/jars-2/krbpn9xjn1qymukyx8cc5l799ty1v3h/commons-io-2.4.jar
7f14e8023000-7f14e803a000 r--s 00154000 08:03 21631322                   /home/pedro/.gradle/caches/jars-2/sfeivjswzitn6n0fnjx3ueszz8gv8o1/antlr4-4.5.3.jar
7f14e803a000-7f14e8065000 r--s 001fc000 08:03 21631318                   /home/pedro/.gradle/caches/jars-2/nxjrjftly2xksl8o0wqgivu5netfu2x/guava-18.0.jar
7f14e8065000-7f14e8098000 r--s 00203000 08:03 21500048                   /home/pedro/.gradle/caches/jars-2/hj0bfvxu9cq7hkwmecvp0kg137or3hh/bcprov-jdk15on-1.48.jar
7f14e8098000-7f14e8298000 rw-p 00000000 00:00 0 
7f14e8298000-7f14e82c0000 r--s 001cf000 08:03 16913300                   /home/pedro/.gradle/caches/jars-2/87eo0lrvp84r6dbxjq018wy66es2era/guava-jdk5-17.0.jar
7f14e82c0000-7f14e82cd000 r--s 00041000 08:03 16913298                   /home/pedro/.gradle/caches/jars-2/dgtjvv7hz6uw97ja0np1f4qgb2lzw3b/gradle-tooling-api-3.2.jar
7f14e82cd000-7f14e82ce000 r--s 00005000 08:03 26740595                   /home/pedro/.gradle/caches/jars-2/elnlyharob6vofn6fi63evkdzfkac5c/dvlib-25.3.1.jar
7f14e82ce000-7f14e82d0000 r--s 00002000 08:03 26740591                   /home/pedro/.gradle/caches/jars-2/4gfpducxipz52n1p4zw9jpc8khazdnx/baseLibrary-2.3.1.jar
7f14e82d0000-7f14e82e3000 r--s 00241000 08:03 21631316                   /home/pedro/.gradle/caches/jars-2/9yuekvg4qerfitq3xec0iyckuw3hwaq/ecj-4.6.1.jar
7f14e82e3000-7f14e82ea000 r--s 000d9000 08:03 26740589                   /home/pedro/.gradle/caches/jars-2/oukj0edc56srbnco0khrhh4jk7trt96/lint-checks-25.3.1.jar
7f14e82ea000-7f14e82ec000 r--s 00006000 08:03 21500050                   /home/pedro/.gradle/caches/jars-2/6phgj9ki3jl3p5epzkqoo8pr6kur40b/asm-tree-5.0.4.jar
7f14e82ec000-7f14e82fa000 r--s 00081000 08:03 21500046                   /home/pedro/.gradle/caches/jars-2/4r7xli0tz94y0wfjrdyjxlxar3g1pb9/bcpkix-jdk15on-1.48.jar
7f14e82fa000-7f14e82fc000 r--s 00002000 08:03 21500044                   /home/pedro/.gradle/caches/jars-2/f32bh5uivuf69ecz2j8hl96ksnqdh7v/javawriter-2.5.0.jar
7f14e82fc000-7f14e82fe000 r--s 00004000 08:03 26740587                   /home/pedro/.gradle/caches/jars-2/1mcw0zrwhdfqbog9odx81af9yu9ranr/tracker-25.3.1.jar
7f14e82fe000-7f14e82ff000 r--s 00005000 08:03 26740585                   /home/pedro/.gradle/caches/jars-2/2iho1524xlua4iq3vua1l4ije5msm33/shared-25.3.1.jar
7f14e82ff000-7f14e830d000 r--s 00147000 08:03 26740583                   /home/pedro/.gradle/caches/jars-2/jwjwpxcix6das5xq3y2el6vytkca3ec/protos-25.3.1.jar
7f14e830d000-7f14e830e000 r--s 00001000 08:03 26740581                   /home/pedro/.gradle/caches/jars-2/bqo69msswbvaagsh45hf1tq02v21sml/jill-api-0.10.0.jar
7f14e830e000-7f14e8310000 r--s 00003000 08:03 26740579                   /home/pedro/.gradle/caches/jars-2/7pldadygbci34ql8thws797g29k1uhh/jack-api-0.13.0.jar
7f14e8310000-7f14e8316000 r--s 0004a000 08:03 26485715                   /home/pedro/.gradle/caches/jars-2/cnza0v8do0o62kek4rozvxidhx9gllf/ddmlib-25.3.1.jar
7f14e8316000-7f14e8319000 r--s 00022000 08:03 26481978                   /home/pedro/.gradle/caches/jars-2/91t0kzdyfxxgdzpyask2ixvahlhk06o/manifest-merger-25.3.1.jar
7f14e8319000-7f14e831c000 r--s 0001c000 08:03 16912469                   /home/pedro/.gradle/caches/jars-2/8lu0c3aenc5saf4edi5f5s3bl3vnb2i/common-25.3.1.jar
7f14e831c000-7f14e8325000 r--s 00089000 08:03 16912262                   /home/pedro/.gradle/caches/jars-2/ffqta29sy8rr9qszguhjpo6o0clog8h/sdk-common-25.3.1.jar
7f14e8325000-7f14e832f000 r--s 00098000 08:03 16912260                   /home/pedro/.gradle/caches/jars-2/fw5xki3t6ll86qukhd8torml14d0yx6/sdklib-25.3.1.jar
7f14e832f000-7f14e8330000 r--s 00002000 08:03 16912258                   /home/pedro/.gradle/caches/jars-2/1f8ga7ty5vyd6df3vpshe9o0bl60jez/builder-test-api-2.3.1.jar
7f14e8330000-7f14e8333000 r--s 00006000 08:03 16912256                   /home/pedro/.gradle/caches/jars-2/1vc4hijyeiwrksdd0g1q3x1klhwiki7/builder-model-2.3.1.jar
7f14e8333000-7f14e8342000 r--s 00130000 08:03 21368262                   /home/pedro/.gradle/caches/jars-2/cr6zkqpx14lor9zdtmo49qpc7y8r8p4/protobuf-java-3.0.0.jar
7f14e8342000-7f14e8344000 r--s 0000f000 08:03 21368260                   /home/pedro/.gradle/caches/jars-2/rvfyugrlu5tbpz51p98og0qsxamjq4k/jopt-simple-4.9.jar
7f14e8344000-7f14e8348000 r--s 0001f000 08:03 19795080                   /home/pedro/.gradle/caches/jars-2/nq3fzqkrrm37ob61z4iu5qdbh368uat/org.jacoco.report-0.7.5.201505241946.jar
7f14e8348000-7f14e834c000 r--s 0001d000 08:03 19795078                   /home/pedro/.gradle/caches/jars-2/3kxkmcckmk40ron92zhbm0qjo9l4bkl/org.jacoco.core-0.7.5.201505241946.jar
7f14e834c000-7f14e834e000 r--s 00002000 08:03 19795076                   /home/pedro/.gradle/caches/jars-2/m4m0pzb4gmaeh0in5g2xc4bxeuwt828/proguard-gradle-5.3.2.jar
7f14e834e000-7f14e8350000 r--s 00009000 08:03 19795074                   /home/pedro/.gradle/caches/jars-2/ajvcvdu66lc9e3tvvipxtuq48i9bbkc/asm-commons-5.0.4.jar
7f14e8350000-7f14e8352000 r--s 0000c000 08:03 19795072                   /home/pedro/.gradle/caches/jars-2/1laz1ygmxoc408r7nwqs1q8uk8r236d/asm-5.0.4.jar
7f14e8352000-7f14e8357000 r--s 0002c000 08:03 16912254                   /home/pedro/.gradle/caches/jars-2/3g3xla7i5b1ed4tz29k2mgk3kpll78v/compilerCommon-2.3.1.jar
7f14e8357000-7f14e8358000 r--s 00002000 08:03 16912252                   /home/pedro/.gradle/caches/jars-2/iatv11rm7n8kgc0trb7hqnzj950e9w6/gradle-api-2.3.1.jar
7f14e8358000-7f14e8359000 r--s 00000000 08:03 16912250                   /home/pedro/.gradle/caches/jars-2/tlyajppf8woug00g686fx5mchf8iv3o/transform-api-2.0.0-deprecated-use-gradle-api.jar
7f14e8359000-7f14e835e000 r--s 0005e000 08:03 16912248                   /home/pedro/.gradle/caches/jars-2/2qud2rd1vm8n8konhdspzdxq2sianbz/lint-25.3.1.jar
7f14e835e000-7f14e8374000 r--s 00163000 08:03 16781870                   /home/pedro/.gradle/caches/jars-2/g6rpa218f3ehfgtm2rp33fyjlho7d9d/builder-2.3.1.jar
7f14e8374000-7f14e8393000 r--s 001ca000 08:03 16781868                   /home/pedro/.gradle/caches/jars-2/gulub68qrtflq1vhvxdmke7ucq3kbl8/gradle-core-2.3.1.jar
7f14e8393000-7f14e8395000 r--s 0000d000 08:03 16781866                   /home/pedro/.gradle/caches/jars-2/or1mnptj2fs865ihc1d4fmrgfcmcuy/gradle-2.3.1.jar
7f14e8395000-7f14e8405000 r--s 00643000 08:03 18222513                   /home/pedro/.gradle/caches/jars-2/8cxlnul3q31hn64oaeyb96yvefwfs4h/groovy-all-2.4.6.jar
7f14e8405000-7f14e840a000 r--s 0007a000 08:03 16781864                   /home/pedro/.gradle/caches/jars-2/32buz4rcuf7gl79tfrfnlcygt960zee/gradle-tooling-extension-impl.jar
7f14e840a000-7f14e840f000 r--s 00034000 08:03 18222509                   /home/pedro/.gradle/caches/jars-2/c74d41v3l7o57dyhdc4xhdfblc3m2cw/gson-2.5.jar
7f14e840f000-7f14e8412000 ---p 00000000 00:00 0 
7f14e8412000-7f14e8448000 rw-p 00000000 00:00 0 
7f14e8448000-7f14e8449000 r--p 00000000 00:00 0 
7f14e8449000-7f14e844a000 r--s 00000000 08:03 17047773                   /home/pedro/.gradle/caches/jars-2/dg22azhabc6tsc1i8xni15giz1bnssh/gradle-appengine-builder-model-0.1.0.jar
7f14e844a000-7f14e8487000 r--s 0057a000 08:03 16781862                   /home/pedro/.gradle/caches/jars-2/sso1hfuedl1iqdbqqpmzwsmfqm3i34t/sdk-tools.jar
7f14e8487000-7f14e8489000 r--s 0000a000 08:03 16781755                   /home/pedro/.gradle/caches/jars-2/c982790etelstf9trjv7o372j28ie83/gradle-tooling-extension-api.jar
7f14e8489000-7f14e8496000 r--s 0017f000 08:03 16781753                   /home/pedro/.gradle/caches/jars-2/pnza8fwobw0zi21jg40t85rztq7ka1n/velocity.jar
7f14e8496000-7f14e84d0000 r--s 001e2000 08:03 16913304                   /home/pedro/.gradle/caches/jars-2/gsc6q095kyxskeaqm5ejgrya5fy93e4/gradle-core-3.2.jar
7f14e84d0000-7f14e84d9000 r--s 00041000 08:03 16913302                   /home/pedro/.gradle/caches/jars-2/h9tlqcb3hm1v4dc2krttqmly48oj6dn/gradle-base-services-3.2.jar
7f14e84d9000-7f14e84dc000 ---p 00000000 00:00 0 
7f14e84dc000-7f14e85da000 rw-p 00000000 00:00 0 
7f14e85da000-7f14e8653000 r--s 010d7000 08:03 13501295                   /usr/java/jdk1.8.0_102/lib/tools.jar
7f14e8653000-7f14e8853000 rw-p 00000000 00:00 0 
7f14e8853000-7f14e8856000 ---p 00000000 00:00 0 
7f14e8856000-7f14e8954000 rw-p 00000000 00:00 0 
7f14e8954000-7f14e8957000 ---p 00000000 00:00 0 
7f14e8957000-7f14e8a55000 rw-p 00000000 00:00 0 
7f14e8a55000-7f14e8a58000 ---p 00000000 00:00 0 
7f14e8a58000-7f14e8b56000 rw-p 00000000 00:00 0 
7f14e8b56000-7f14e8b59000 ---p 00000000 00:00 0 
7f14e8b59000-7f14e8e57000 rw-p 00000000 00:00 0 
7f14e8e57000-7f14e8e5a000 ---p 00000000 00:00 0 
7f14e8e5a000-7f14e8f58000 rw-p 00000000 00:00 0 
7f14e8f58000-7f14e8f5b000 ---p 00000000 00:00 0 
7f14e8f5b000-7f14e9059000 rw-p 00000000 00:00 0 
7f14e9059000-7f14e9060000 r--s 00000000 08:03 10095511                   /usr/lib64/gconv/gconv-modules.cache
7f14e9060000-7f14e9260000 rw-p 00000000 00:00 0 
7f14e9260000-7f14e9263000 ---p 00000000 00:00 0 
7f14e9263000-7f14e9361000 rw-p 00000000 00:00 0 
7f14e9361000-7f14e9364000 ---p 00000000 00:00 0 
7f14e9364000-7f14e9462000 rw-p 00000000 00:00 0 
7f14e9462000-7f14e946b000 r-xp 00000000 08:03 12324545                   /usr/java/jdk1.8.0_102/jre/lib/amd64/libmanagement.so
7f14e946b000-7f14e966a000 ---p 00009000 08:03 12324545                   /usr/java/jdk1.8.0_102/jre/lib/amd64/libmanagement.so
7f14e966a000-7f14e966b000 rw-p 00008000 08:03 12324545                   /usr/java/jdk1.8.0_102/jre/lib/amd64/libmanagement.so
7f14e966b000-7f14e9670000 r--s 00096000 08:03 12324613                   /usr/java/jdk1.8.0_102/jre/lib/jsse.jar
7f14e9670000-7f14e9672000 r--s 00007000 08:03 16779120                   /home/pedro/.gradle/wrapper/dists/gradle-3.3-all/55gk2rcmfc6p2dg9u9ohc3hw9/gradle-3.3/lib/plugins/gradle-tooling-api-builders-3.3.jar
7f14e9672000-7f14e9675000 r--s 00009000 08:03 16779113                   /home/pedro/.gradle/wrapper/dists/gradle-3.3-all/55gk2rcmfc6p2dg9u9ohc3hw9/gradle-3.3/lib/plugins/gradle-testing-native-3.3.jar
7f14e9675000-7f14e967b000 r--s 00033000 08:03 16779188                   /home/pedro/.gradle/wrapper/dists/gradle-3.3-all/55gk2rcmfc6p2dg9u9ohc3hw9/gradle-3.3/lib/plugins/snakeyaml-1.6.jar
7f14e967b000-7f14e967d000 r--s 00006000 08:03 16779187                   /home/pedro/.gradle/wrapper/dists/gradle-3.3-all/55gk2rcmfc6p2dg9u9ohc3hw9/gradle-3.3/lib/plugins/jcommander-1.12.jar
7f14e967d000-7f14e9682000 r--s 00040000 08:03 16779186                   /home/pedro/.gradle/wrapper/dists/gradle-3.3-all/55gk2rcmfc6p2dg9u9ohc3hw9/gradle-3.3/lib/plugins/bsh-2.0b4.jar
7f14e9682000-7f14e9684000 r--s 00009000 08:03 16779194                   /home/pedro/.gradle/wrapper/dists/gradle-3.3-all/55gk2rcmfc6p2dg9u9ohc3hw9/gradle-3.3/lib/plugins/hamcrest-core-1.3.jar
7f14e9684000-7f14e968d000 r--s 00089000 08:03 16779145                   /home/pedro/.gradle/wrapper/dists/gradle-3.3-all/55gk2rcmfc6p2dg9u9ohc3hw9/gradle-3.3/lib/plugins/testng-6.3.1.jar
7f14e968d000-7f14f0000000 r--p 00000000 08:03 9703837                    /usr/lib/locale/locale-archive
7f14f0000000-7f14f0021000 rw-p 00000000 00:00 0 
7f14f0021000-7f14f4000000 ---p 00000000 00:00 0 
7f14f4000000-7f14f4021000 rw-p 00000000 00:00 0 
7f14f4021000-7f14f8000000 ---p 00000000 00:00 0 
7f14f8000000-7f14f8021000 rw-p 00000000 00:00 0 
7f14f8021000-7f14fc000000 ---p 00000000 00:00 0 
7f14fc000000-7f14fc4c2000 rw-p 00000000 00:00 0 
7f14fc4c2000-7f1500000000 ---p 00000000 00:00 0 
7f1500000000-7f1500070000 rw-p 00000000 00:00 0 
7f1500070000-7f1504000000 ---p 00000000 00:00 0 
7f1504000000-7f150404c000 rw-p 00000000 00:00 0 
7f150404c000-7f1508000000 ---p 00000000 00:00 0 
7f1508000000-7f150803a000 rw-p 00000000 00:00 0 
7f150803a000-7f150c000000 ---p 00000000 00:00 0 
7f150c000000-7f150c001000 r--s 00002000 08:03 16781860                   /home/pedro/.gradle/caches/jars-2/n02dpbhzy5jrwrt1m3fz6n5zvwc1z53/external-system-rt.jar
7f150c001000-7f150c009000 r--s 00045000 08:03 16779144                   /home/pedro/.gradle/wrapper/dists/gradle-3.3-all/55gk2rcmfc6p2dg9u9ohc3hw9/gradle-3.3/lib/plugins/junit-4.12.jar
7f150c009000-7f150c00f000 r--s 0002e000 08:03 16779114                   /home/pedro/.gradle/wrapper/dists/gradle-3.3-all/55gk2rcmfc6p2dg9u9ohc3hw9/gradle-3.3/lib/plugins/gradle-testing-jvm-3.3.jar
7f150c00f000-7f150c013000 r--s 00016000 08:03 16779112                   /home/pedro/.gradle/wrapper/dists/gradle-3.3-all/55gk2rcmfc6p2dg9u9ohc3hw9/gradle-3.3/lib/plugins/gradle-testing-base-3.3.jar
7f150c013000-7f150c01a000 r--s 00038000 08:03 16779139                   /home/pedro/.gradle/wrapper/dists/gradle-3.3-all/55gk2rcmfc6p2dg9u9ohc3hw9/gradle-3.3/lib/plugins/bcpg-jdk15on-1.51.jar
7f150c01a000-7f150c01c000 r--s 0000c000 08:03 16779091                   /home/pedro/.gradle/wrapper/dists/gradle-3.3-all/55gk2rcmfc6p2dg9u9ohc3hw9/gradle-3.3/lib/plugins/gradle-signing-3.3.jar
7f150c01c000-7f150c01e000 r--s 00007000 08:03 16779090                   /home/pedro/.gradle/wrapper/dists/gradle-3.3-all/55gk2rcmfc6p2dg9u9ohc3hw9/gradle-3.3/lib/plugins/gradle-scala-3.3.jar
7f150c01e000-7f150c01f000 r--s 00004000 08:03 16779118                   /home/pedro/.gradle/wrapper/dists/gradle-3.3-all/55gk2rcmfc6p2dg9u9ohc3hw9/gradle-3.3/lib/plugins/gradle-resources-sftp-3.3.jar
7f150c01f000-7f150c02f000 r--s 00088000 08:03 16779155                   /home/pedro/.gradle/wrapper/dists/gradle-3.3-all/55gk2rcmfc6p2dg9u9ohc3hw9/gradle-3.3/lib/plugins/joda-time-2.8.2.jar
7f150c02f000-7f150c040000 r--s 0010d000 08:03 16779154                   /home/pedro/.gradle/wrapper/dists/gradle-3.3-all/55gk2rcmfc6p2dg9u9ohc3hw9/gradle-3.3/lib/plugins/jackson-databind-2.6.6.jar
7f150c040000-7f150c043000 r--s 00009000 08:03 16779153                   /home/pedro/.gradle/wrapper/dists/gradle-3.3-all/55gk2rcmfc6p2dg9u9ohc3hw9/gradle-3.3/lib/plugins/jackson-annotations-2.6.6.jar
7f150c043000-7f150c047000 r--s 0003c000 08:03 16779152                   /home/pedro/.gradle/wrapper/dists/gradle-3.3-all/55gk2rcmfc6p2dg9u9ohc3hw9/gradle-3.3/lib/plugins/jackson-core-2.6.6.jar
7f150c047000-7f150c055000 r--s 00087000 08:03 16779151                   /home/pedro/.gradle/wrapper/dists/gradle-3.3-all/55gk2rcmfc6p2dg9u9ohc3hw9/gradle-3.3/lib/plugins/aws-java-sdk-core-1.11.6.jar
7f150c055000-7f150c05c000 r--s 00057000 08:03 16779150                   /home/pedro/.gradle/wrapper/dists/gradle-3.3-all/55gk2rcmfc6p2dg9u9ohc3hw9/gradle-3.3/lib/plugins/aws-java-sdk-kms-1.11.6.jar
7f150c05c000-7f150c069000 r--s 0008e000 08:03 16779149                   /home/pedro/.gradle/wrapper/dists/gradle-3.3-all/55gk2rcmfc6p2dg9u9ohc3hw9/gradle-3.3/lib/plugins/aws-java-sdk-s3-1.11.6.jar
7f150c069000-7f150c06b000 r--s 00004000 08:03 16779119                   /home/pedro/.gradle/wrapper/dists/gradle-3.3-all/55gk2rcmfc6p2dg9u9ohc3hw9/gradle-3.3/lib/plugins/gradle-resources-s3-3.3.jar
7f150c06b000-7f150c06d000 r--s 00005000 08:03 16779143                   /home/pedro/.gradle/wrapper/dists/gradle-3.3-all/55gk2rcmfc6p2dg9u9ohc3hw9/gradle-3.3/lib/plugins/jatl-0.2.2.jar
7f150c06d000-7f150c06f000 r--s 0000f000 08:03 16779096                   /home/pedro/.gradle/wrapper/dists/gradle-3.3-all/55gk2rcmfc6p2dg9u9ohc3hw9/gradle-3.3/lib/plugins/gradle-reporting-3.3.jar
7f150c06f000-7f150c071000 r--s 00002000 08:03 16779097                   /home/pedro/.gradle/wrapper/dists/gradle-3.3-all/55gk2rcmfc6p2dg9u9ohc3hw9/gradle-3.3/lib/plugins/gradle-publish-3.3.jar
7f150c071000-7f150c073000 r--s 00009000 08:03 16779126                   /home/pedro/.gradle/wrapper/dists/gradle-3.3-all/55gk2rcmfc6p2dg9u9ohc3hw9/gradle-3.3/lib/plugins/commons-cli-1.2.jar
7f150c073000-7f150c079000 r--s 00031000 08:03 16779082                   /home/pedro/.gradle/wrapper/dists/gradle-3.3-all/55gk2rcmfc6p2dg9u9ohc3hw9/gradle-3.3/lib/plugins/gradle-plugins-3.3.jar
7f150c079000-7f150c07b000 r--s 00009000 08:03 16779115                   /home/pedro/.gradle/wrapper/dists/gradle-3.3-all/55gk2rcmfc6p2dg9u9ohc3hw9/gradle-3.3/lib/plugins/gradle-plugin-development-3.3.jar
7f150c07b000-7f150c081000 r--s 0002b000 08:03 16779108                   /home/pedro/.gradle/wrapper/dists/gradle-3.3-all/55gk2rcmfc6p2dg9u9ohc3hw9/gradle-3.3/lib/plugins/gradle-platform-play-3.3.jar
7f150c081000-7f150c08f000 r--s 00055000 08:03 16779107                   /home/pedro/.gradle/wrapper/dists/gradle-3.3-all/55gk2rcmfc6p2dg9u9ohc3hw9/gradle-3.3/lib/plugins/gradle-platform-native-3.3.jar
7f150c08f000-7f150c094000 r--s 0001f000 08:03 16779102                   /home/pedro/.gradle/wrapper/dists/gradle-3.3-all/55gk2rcmfc6p2dg9u9ohc3hw9/gradle-3.3/lib/plugins/gradle-platform-jvm-3.3.jar
7f150c094000-7f150c09c000 r--s 00027000 08:03 16779101                   /home/pedro/.gradle/wrapper/dists/gradle-3.3-all/55gk2rcmfc6p2dg9u9ohc3hw9/gradle-3.3/lib/plugins/gradle-platform-base-3.3.jar
7f150c09c000-7f150c0c4000 r--s 0021c000 08:03 16779134                   /home/pedro/.gradle/wrapper/dists/gradle-3.3-all/55gk2rcmfc6p2dg9u9ohc3hw9/gradle-3.3/lib/plugins/biz.aQute.bndlib-3.2.0.jar
7f150c0c4000-7f150c0c6000 r--s 00003000 08:03 16779086                   /home/pedro/.gradle/wrapper/dists/gradle-3.3-all/55gk2rcmfc6p2dg9u9ohc3hw9/gradle-3.3/lib/plugins/gradle-osgi-3.3.jar
7f150c0c6000-7f150c0c9000 r--s 0000c000 08:03 16779137                   /home/pedro/.gradle/wrapper/dists/gradle-3.3-all/55gk2rcmfc6p2dg9u9ohc3hw9/gradle-3.3/lib/plugins/pmaven-groovy-0.8-20100325.jar
7f150c0c9000-7f150c0ca000 r--s 00004000 08:03 16779136                   /home/pedro/.gradle/wrapper/dists/gradle-3.3-all/55gk2rcmfc6p2dg9u9ohc3hw9/gradle-3.3/lib/plugins/pmaven-common-0.8-20100325.jar
7f150c0ca000-7f150c0d0000 r--s 00023000 08:03 16779087                   /home/pedro/.gradle/wrapper/dists/gradle-3.3-all/55gk2rcmfc6p2dg9u9ohc3hw9/gradle-3.3/lib/plugins/gradle-maven-3.3.jar
7f150c0d0000-7f150c0d3000 r--s 0000b000 08:03 16779106                   /home/pedro/.gradle/wrapper/dists/gradle-3.3-all/55gk2rcmfc6p2dg9u9ohc3hw9/gradle-3.3/lib/plugins/gradle-language-scala-3.3.jar
7f150c0d3000-7f150c0d9000 r--s 0001a000 08:03 16779110                   /home/pedro/.gradle/wrapper/dists/gradle-3.3-all/55gk2rcmfc6p2dg9u9ohc3hw9/gradle-3.3/lib/plugins/gradle-language-native-3.3.jar
7f150c0d9000-7f150c0dc000 r--s 00005000 08:03 16779103                   /home/pedro/.gradle/wrapper/dists/gradle-3.3-all/55gk2rcmfc6p2dg9u9ohc3hw9/gradle-3.3/lib/plugins/gradle-language-jvm-3.3.jar
7f150c0dc000-7f150c0e2000 r--s 00027000 08:03 16779104                   /home/pedro/.gradle/wrapper/dists/gradle-3.3-all/55gk2rcmfc6p2dg9u9ohc3hw9/gradle-3.3/lib/plugins/gradle-language-java-3.3.jar
7f150c0e2000-7f150c0e4000 r--s 0000a000 08:03 16779105                   /home/pedro/.gradle/wrapper/dists/gradle-3.3-all/55gk2rcmfc6p2dg9u9ohc3hw9/gradle-3.3/lib/plugins/gradle-language-groovy-3.3.jar
7f150c0e4000-7f150c0e7000 r--s 0001e000 08:03 16779161                   /home/pedro/.gradle/wrapper/dists/gradle-3.3-all/55gk2rcmfc6p2dg9u9ohc3hw9/gradle-3.3/lib/plugins/jsp-api-2.1-6.1.14.jar
7f150c0e7000-7f150c10a000 r--s 00344000 08:03 16779160                   /home/pedro/.gradle/wrapper/dists/gradle-3.3-all/55gk2rcmfc6p2dg9u9ohc3hw9/gradle-3.3/lib/plugins/core-3.1.1.jar
7f150c10a000-7f150c10b000 r--s 00006000 08:03 16779159                   /home/pedro/.gradle/wrapper/dists/gradle-3.3-all/55gk2rcmfc6p2dg9u9ohc3hw9/gradle-3.3/lib/plugins/jetty-naming-6.1.26.jar
7f150c10b000-7f150c10c000 r--s 00002000 08:03 16779133                   /home/pedro/.gradle/wrapper/dists/gradle-3.3-all/55gk2rcmfc6p2dg9u9ohc3hw9/gradle-3.3/lib/plugins/geronimo-annotation_1.0_spec-1.0.jar
7f150c10c000-7f150c10e000 r--s 00002000 08:03 16779132                   /home/pedro/.gradle/wrapper/dists/gradle-3.3-all/55gk2rcmfc6p2dg9u9ohc3hw9/gradle-3.3/lib/plugins/jetty-annotations-6.1.26.jar
7f150c10e000-7f150c11f000 r--s 000ea000 08:03 16779131                   /home/pedro/.gradle/wrapper/dists/gradle-3.3-all/55gk2rcmfc6p2dg9u9ohc3hw9/gradle-3.3/lib/plugins/jsp-2.1-6.1.14.jar
7f150c11f000-7f150c121000 r--s 0000d000 08:03 16779130                   /home/pedro/.gradle/wrapper/dists/gradle-3.3-all/55gk2rcmfc6p2dg9u9ohc3hw9/gradle-3.3/lib/plugins/jetty-plus-6.1.26.jar
7f150c121000-7f150c123000 r--s 0001f000 08:03 16779129                   /home/pedro/.gradle/wrapper/dists/gradle-3.3-all/55gk2rcmfc6p2dg9u9ohc3hw9/gradle-3.3/lib/plugins/servlet-api-2.5-20081211.jar
7f150c123000-7f150c127000 r--s 00028000 08:03 16779128                   /home/pedro/.gradle/wrapper/dists/gradle-3.3-all/55gk2rcmfc6p2dg9u9ohc3hw9/gradle-3.3/lib/plugins/jetty-util-6.1.26.jar
7f150c127000-7f150c12e000 r--s 0007d000 08:03 16779127                   /home/pedro/.gradle/wrapper/dists/gradle-3.3-all/55gk2rcmfc6p2dg9u9ohc3hw9/gradle-3.3/lib/plugins/jetty-6.1.26.jar
7f150c12e000-7f150c130000 r--s 0000a000 08:03 16779084                   /home/pedro/.gradle/wrapper/dists/gradle-3.3-all/55gk2rcmfc6p2dg9u9ohc3hw9/gradle-3.3/lib/plugins/gradle-jetty-3.3.jar
7f150c130000-7f150c137000 r--s 00035000 08:03 16779142                   /home/pedro/.gradle/wrapper/dists/gradle-3.3-all/55gk2rcmfc6p2dg9u9ohc3hw9/gradle-3.3/lib/plugins/simple-4.1.21.jar
7f150c137000-7f150c143000 r--s 00100000 08:03 16779140                   /home/pedro/.gradle/wrapper/dists/gradle-3.3-all/55gk2rcmfc6p2dg9u9ohc3hw9/gradle-3.3/lib/plugins/rhino-1.7R3.jar
7f150c143000-7f150c147000 r--s 00012000 08:03 16779093                   /home/pedro/.gradle/wrapper/dists/gradle-3.3-all/55gk2rcmfc6p2dg9u9ohc3hw9/gradle-3.3/lib/plugins/gradle-javascript-3.3.jar
7f150c147000-7f150c149000 r--s 0000d000 08:03 16779099                   /home/pedro/.gradle/wrapper/dists/gradle-3.3-all/55gk2rcmfc6p2dg9u9ohc3hw9/gradle-3.3/lib/plugins/gradle-jacoco-3.3.jar
7f150c149000-7f150c14c000 r--s 0000e000 08:03 16779098                   /home/pedro/.gradle/wrapper/dists/gradle-3.3-all/55gk2rcmfc6p2dg9u9ohc3hw9/gradle-3.3/lib/plugins/gradle-ivy-3.3.jar
7f150c14c000-7f150c14d000 r--s 00002000 08:03 16779109                   /home/pedro/.gradle/wrapper/dists/gradle-3.3-all/55gk2rcmfc6p2dg9u9ohc3hw9/gradle-3.3/lib/plugins/gradle-ide-play-3.3.jar
7f150c14d000-7f150c150000 r--s 00013000 08:03 16779111                   /home/pedro/.gradle/wrapper/dists/gradle-3.3-all/55gk2rcmfc6p2dg9u9ohc3hw9/gradle-3.3/lib/plugins/gradle-ide-native-3.3.jar
7f150c150000-7f150c159000 r--s 00055000 08:03 16779088                   /home/pedro/.gradle/wrapper/dists/gradle-3.3-all/55gk2rcmfc6p2dg9u9ohc3hw9/gradle-3.3/lib/plugins/gradle-ide-3.3.jar
7f150c159000-7f150c15b000 r--s 00007000 08:03 16779092                   /home/pedro/.gradle/wrapper/dists/gradle-3.3-all/55gk2rcmfc6p2dg9u9ohc3hw9/gradle-3.3/lib/plugins/gradle-ear-3.3.jar
7f150c15b000-7f150c161000 r--s 00039000 08:03 16779095                   /home/pedro/.gradle/wrapper/dists/gradle-3.3-all/55gk2rcmfc6p2dg9u9ohc3hw9/gradle-3.3/lib/plugins/gradle-diagnostics-3.3.jar
7f150c161000-7f150c162000 r--s 00009000 08:03 16779121                   /home/pedro/.gradle/wrapper/dists/gradle-3.3-all/55gk2rcmfc6p2dg9u9ohc3hw9/gradle-3.3/lib/plugins/gradle-composite-builds-3.3.jar
7f150c162000-7f150c166000 r--s 00023000 08:03 16779083                   /home/pedro/.gradle/wrapper/dists/gradle-3.3-all/55gk2rcmfc6p2dg9u9ohc3hw9/gradle-3.3/lib/plugins/gradle-code-quality-3.3.jar
7f150c166000-7f150c16a000 r--s 00022000 08:03 16779100                   /home/pedro/.gradle/wrapper/dists/gradle-3.3-all/55gk2rcmfc6p2dg9u9ohc3hw9/gradle-3.3/lib/plugins/gradle-build-init-3.3.jar
7f150c16a000-7f150c170000 r--s 0008e000 08:03 16779094                   /home/pedro/.gradle/wrapper/dists/gradle-3.3-all/55gk2rcmfc6p2dg9u9ohc3hw9/gradle-3.3/lib/plugins/gradle-build-comparison-3.3.jar
7f150c170000-7f150c171000 r--s 00001000 08:03 16779122                   /home/pedro/.gradle/wrapper/dists/gradle-3.3-all/55gk2rcmfc6p2dg9u9ohc3hw9/gradle-3.3/lib/plugins/gradle-build-cache-http-3.3.jar
7f150c171000-7f150c173000 r--s 00008000 08:03 16779085                   /home/pedro/.gradle/wrapper/dists/gradle-3.3-all/55gk2rcmfc6p2dg9u9ohc3hw9/gradle-3.3/lib/plugins/gradle-antlr-3.3.jar
7f150c173000-7f150c175000 r--s 00004000 08:03 16779089                   /home/pedro/.gradle/wrapper/dists/gradle-3.3-all/55gk2rcmfc6p2dg9u9ohc3hw9/gradle-3.3/lib/plugins/gradle-announce-3.3.jar
7f150c175000-7f150c18d000 r--s 00115000 08:03 16779191                   /home/pedro/.gradle/wrapper/dists/gradle-3.3-all/55gk2rcmfc6p2dg9u9ohc3hw9/gradle-3.3/lib/plugins/xercesImpl-2.9.1.jar
7f150c18d000-7f150c195000 r--s 00028000 08:03 16779192                   /home/pedro/.gradle/wrapper/dists/gradle-3.3-all/55gk2rcmfc6p2dg9u9ohc3hw9/gradle-3.3/lib/plugins/xml-apis-1.3.04.jar
7f150c195000-7f150c19b000 r--s 0005b000 08:03 16779190                   /home/pedro/.gradle/wrapper/dists/gradle-3.3-all/55gk2rcmfc6p2dg9u9ohc3hw9/gradle-3.3/lib/plugins/jcifs-1.3.17.jar
7f150c19b000-7f150c1a1000 r--s 00033000 08:03 16779138                   /home/pedro/.gradle/wrapper/dists/gradle-3.3-all/55gk2rcmfc6p2dg9u9ohc3hw9/gradle-3.3/lib/plugins/commons-codec-1.6.jar
7f150c1a1000-7f150c1a8000 r--s 00049000 08:03 16779189                   /home/pedro/.gradle/wrapper/dists/gradle-3.3-all/55gk2rcmfc6p2dg9u9ohc3hw9/gradle-3.3/lib/plugins/httpcore-4.4.4.jar
7f150c1a8000-7f150c1ab000 r--s 0001c000 08:03 16779147                   /home/pedro/.gradle/wrapper/dists/gradle-3.3-all/55gk2rcmfc6p2dg9u9ohc3hw9/gradle-3.3/lib/plugins/nekohtml-1.9.14.jar
7f150c1ab000-7f150c1b8000 r--s 000a4000 08:03 16779146                   /home/pedro/.gradle/wrapper/dists/gradle-3.3-all/55gk2rcmfc6p2dg9u9ohc3hw9/gradle-3.3/lib/plugins/httpclient-4.4.1.jar
7f150c1b8000-7f150c1bb000 r--s 0000a000 08:03 16779117                   /home/pedro/.gradle/wrapper/dists/gradle-3.3-all/55gk2rcmfc6p2dg9u9ohc3hw9/gradle-3.3/lib/plugins/gradle-resources-http-3.3.jar
7f150c1bb000-7f150c1bf000 r--s 00015000 08:03 16779116                   /home/pedro/.gradle/wrapper/dists/gradle-3.3-all/55gk2rcmfc6p2dg9u9ohc3hw9/gradle-3.3/lib/plugins/gradle-plugin-use-3.3.jar
7f150c1bf000-7f150c1c0000 r--s 00000000 08:03 16779028                   /home/pedro/.gradle/wrapper/dists/gradle-3.3-all/55gk2rcmfc6p2dg9u9ohc3hw9/gradle-3.3/lib/gradle-installation-beacon-3.3.jar
7f150c1c0000-7f150c1c2000 r--s 00006000 08:03 16779185                   /home/pedro/.gradle/wrapper/dists/gradle-3.3-all/55gk2rcmfc6p2dg9u9ohc3hw9/gradle-3.3/lib/plugins/aether-connector-wagon-1.13.1.jar
7f150c1c2000-7f150c1c6000 r--s 0001c000 08:03 16779184                   /home/pedro/.gradle/wrapper/dists/gradle-3.3-all/55gk2rcmfc6p2dg9u9ohc3hw9/gradle-3.3/lib/plugins/aether-util-1.13.1.jar
7f150c1c6000-7f150c1c7000 r--s 00003000 08:03 16779183                   /home/pedro/.gradle/wrapper/dists/gradle-3.3-all/55gk2rcmfc6p2dg9u9ohc3hw9/gradle-3.3/lib/plugins/aether-spi-1.13.1.jar
7f150c1c7000-7f150c1ca000 r--s 0001d000 08:03 16779182                   /home/pedro/.gradle/wrapper/dists/gradle-3.3-all/55gk2rcmfc6p2dg9u9ohc3hw9/gradle-3.3/lib/plugins/aether-impl-1.13.1.jar
7f150c1ca000-7f150c1cd000 r--s 00013000 08:03 16779181                   /home/pedro/.gradle/wrapper/dists/gradle-3.3-all/55gk2rcmfc6p2dg9u9ohc3hw9/gradle-3.3/lib/plugins/aether-api-1.13.1.jar
7f150c1cd000-7f150c1ce000 r--s 00007000 08:03 16779180                   /home/pedro/.gradle/wrapper/dists/gradle-3.3-all/55gk2rcmfc6p2dg9u9ohc3hw9/gradle-3.3/lib/plugins/wagon-http-shared4-2.4.jar
7f150c1ce000-7f150c1d0000 r--s 0000b000 08:03 16779179                   /home/pedro/.gradle/wrapper/dists/gradle-3.3-all/55gk2rcmfc6p2dg9u9ohc3hw9/gradle-3.3/lib/plugins/wagon-provider-api-2.4.jar
7f150c1d0000-7f150c1d1000 r--s 00002000 08:03 16779178                   /home/pedro/.gradle/wrapper/dists/gradle-3.3-all/55gk2rcmfc6p2dg9u9ohc3hw9/gradle-3.3/lib/plugins/wagon-http-2.4.jar
7f150c1d1000-7f150c1d2000 r--s 00002000 08:03 16779177                   /home/pedro/.gradle/wrapper/dists/gradle-3.3-all/55gk2rcmfc6p2dg9u9ohc3hw9/gradle-3.3/lib/plugins/wagon-file-2.4.jar
7f150c1d2000-7f150c1d4000 r--s 0000c000 08:03 16779176                   /home/pedro/.gradle/wrapper/dists/gradle-3.3-all/55gk2rcmfc6p2dg9u9ohc3hw9/gradle-3.3/lib/plugins/maven-aether-provider-3.0.4.jar
7f150c1d4000-7f150c1d6000 r--s 0000b000 08:03 16779175                   /home/pedro/.gradle/wrapper/dists/gradle-3.3-all/55gk2rcmfc6p2dg9u9ohc3hw9/gradle-3.3/lib/plugins/maven-plugin-api-3.0.4.jar
7f150c1d6000-7f150c1d8000 r--s 00006000 08:03 16779174                   /home/pedro/.gradle/wrapper/dists/gradle-3.3-all/55gk2rcmfc6p2dg9u9ohc3hw9/gradle-3.3/lib/plugins/maven-repository-metadata-3.0.4.jar
7f150c1d8000-7f150c1da000 r--s 0000b000 08:03 16779173                   /home/pedro/.gradle/wrapper/dists/gradle-3.3-all/55gk2rcmfc6p2dg9u9ohc3hw9/gradle-3.3/lib/plugins/maven-artifact-3.0.4.jar
7f150c1da000-7f150c1dc000 r--s 00026000 08:03 16779172                   /home/pedro/.gradle/wrapper/dists/gradle-3.3-all/55gk2rcmfc6p2dg9u9ohc3hw9/gradle-3.3/lib/plugins/maven-model-3.0.4.jar
7f150c1dc000-7f150c1e0000 r--s 00021000 08:03 16779171                   /home/pedro/.gradle/wrapper/dists/gradle-3.3-all/55gk2rcmfc6p2dg9u9ohc3hw9/gradle-3.3/lib/plugins/maven-model-builder-3.0.4.jar
7f150c1e0000-7f150c1e6000 r--s 0003f000 08:03 16779170                   /home/pedro/.gradle/wrapper/dists/gradle-3.3-all/55gk2rcmfc6p2dg9u9ohc3hw9/gradle-3.3/lib/plugins/maven-compat-3.0.4.jar
7f150c1e6000-7f150c1e7000 r--s 00006000 08:03 16779169                   /home/pedro/.gradle/wrapper/dists/gradle-3.3-all/55gk2rcmfc6p2dg9u9ohc3hw9/gradle-3.3/lib/plugins/plexus-sec-dispatcher-1.3.jar
7f150c1e7000-7f150c1e9000 r--s 00002000 08:03 16779168                   /home/pedro/.gradle/wrapper/dists/gradle-3.3-all/55gk2rcmfc6p2dg9u9ohc3hw9/gradle-3.3/lib/plugins/plexus-cipher-1.7.jar
7f150c1e9000-7f150c1eb000 r--s 0000a000 08:03 16779167                   /home/pedro/.gradle/wrapper/dists/gradle-3.3-all/55gk2rcmfc6p2dg9u9ohc3hw9/gradle-3.3/lib/plugins/plexus-classworlds-2.4.jar
7f150c1eb000-7f150c1f2000 r--s 0002e000 08:03 16779166                   /home/pedro/.gradle/wrapper/dists/gradle-3.3-all/55gk2rcmfc6p2dg9u9ohc3hw9/gradle-3.3/lib/plugins/plexus-container-default-1.5.5.jar
7f150c1f2000-7f150c1f4000 r--s 00000000 08:03 16779193                   /home/pedro/.gradle/wrapper/dists/gradle-3.3-all/55gk2rcmfc6p2dg9u9ohc3hw9/gradle-3.3/lib/plugins/plexus-component-annotations-1.5.5.jar
7f150c1f4000-7f150c1f6000 r--s 0000d000 08:03 16779165                   /home/pedro/.gradle/wrapper/dists/gradle-3.3-all/55gk2rcmfc6p2dg9u9ohc3hw9/gradle-3.3/lib/plugins/plexus-interpolation-1.14.jar
7f150c1f6000-7f150c1fa000 r--s 00033000 08:03 16779164                   /home/pedro/.gradle/wrapper/dists/gradle-3.3-all/55gk2rcmfc6p2dg9u9ohc3hw9/gradle-3.3/lib/plugins/plexus-utils-2.0.6.jar
7f150c1fa000-7f150c1fd000 r--s 00008000 08:03 16779163                   /home/pedro/.gradle/wrapper/dists/gradle-3.3-all/55gk2rcmfc6p2dg9u9ohc3hw9/gradle-3.3/lib/plugins/maven-settings-builder-3.0.4.jar
7f150c1fd000-7f150c202000 r--s 00040000 08:03 16779148                   /home/pedro/.gradle/wrapper/dists/gradle-3.3-all/55gk2rcmfc6p2dg9u9ohc3hw9/gradle-3.3/lib/plugins/jsch-0.1.53.jar
7f150c202000-7f150c242000 r--s 00277000 08:03 16779158                   /home/pedro/.gradle/wrapper/dists/gradle-3.3-all/55gk2rcmfc6p2dg9u9ohc3hw9/gradle-3.3/lib/plugins/bcprov-jdk15on-1.51.jar
7f150c242000-7f150c246000 r--s 0001d000 08:03 16779157                   /home/pedro/.gradle/wrapper/dists/gradle-3.3-all/55gk2rcmfc6p2dg9u9ohc3hw9/gradle-3.3/lib/plugins/xbean-reflect-3.4.jar
7f150c246000-7f150c252000 r--s 0007d000 08:03 16779135                   /home/pedro/.gradle/wrapper/dists/gradle-3.3-all/55gk2rcmfc6p2dg9u9ohc3hw9/gradle-3.3/lib/plugins/maven-core-3.0.4.jar
7f150c252000-7f150c257000 r--s 00034000 08:03 16779141                   /home/pedro/.gradle/wrapper/dists/gradle-3.3-all/55gk2rcmfc6p2dg9u9ohc3hw9/gradle-3.3/lib/plugins/gson-2.7.jar
7f150c257000-7f150c266000 r--s 000d9000 08:03 16779156                   /home/pedro/.gradle/wrapper/dists/gradle-3.3-all/55gk2rcmfc6p2dg9u9ohc3hw9/gradle-3.3/lib/plugins/ivy-2.2.0.jar
7f150c266000-7f150c27c000 r-xp 00000000 08:03 9700869                    /usr/lib64/libgcc_s-6.2.1-20160916.so.1
7f150c27c000-7f150c47b000 ---p 00016000 08:03 9700869                    /usr/lib64/libgcc_s-6.2.1-20160916.so.1
7f150c47b000-7f150c47c000 r--p 00015000 08:03 9700869                    /usr/lib64/libgcc_s-6.2.1-20160916.so.1
7f150c47c000-7f150c47d000 rw-p 00016000 08:03 9700869                    /usr/lib64/libgcc_s-6.2.1-20160916.so.1
7f150c47d000-7f150c5f5000 r-xp 00000000 08:03 9709496                    /usr/lib64/libstdc++.so.6.0.22
7f150c5f5000-7f150c7f5000 ---p 00178000 08:03 9709496                    /usr/lib64/libstdc++.so.6.0.22
7f150c7f5000-7f150c7ff000 r--p 00178000 08:03 9709496                    /usr/lib64/libstdc++.so.6.0.22
7f150c7ff000-7f150c801000 rw-p 00182000 08:03 9709496                    /usr/lib64/libstdc++.so.6.0.22
7f150c801000-7f150c805000 rw-p 00000000 00:00 0 
7f150c805000-7f150c807000 r--s 0000a000 08:03 16779162                   /home/pedro/.gradle/wrapper/dists/gradle-3.3-all/55gk2rcmfc6p2dg9u9ohc3hw9/gradle-3.3/lib/plugins/maven-settings-3.0.4.jar
7f150c807000-7f150c826000 r--s 000f6000 08:03 16779124                   /home/pedro/.gradle/wrapper/dists/gradle-3.3-all/55gk2rcmfc6p2dg9u9ohc3hw9/gradle-3.3/lib/plugins/gradle-dependency-management-3.3.jar
7f150c826000-7f150c828000 r--s 00005000 08:03 16779123                   /home/pedro/.gradle/wrapper/dists/gradle-3.3-all/55gk2rcmfc6p2dg9u9ohc3hw9/gradle-3.3/lib/plugins/gradle-workers-3.3.jar
7f150c828000-7f150c82d000 r-xp 00000000 08:03 16779230                   /home/pedro/.gradle/native/23/linux-amd64/libnative-platform.so
7f150c82d000-7f150ca2c000 ---p 00005000 08:03 16779230                   /home/pedro/.gradle/native/23/linux-amd64/libnative-platform.so
7f150ca2c000-7f150ca2d000 rw-p 00004000 08:03 16779230                   /home/pedro/.gradle/native/23/linux-amd64/libnative-platform.so
7f150ca2d000-7f150ca3e000 r-xp 00000000 08:03 12324548                   /usr/java/jdk1.8.0_102/jre/lib/amd64/libnio.so
7f150ca3e000-7f150cc3d000 ---p 00011000 08:03 12324548                   /usr/java/jdk1.8.0_102/jre/lib/amd64/libnio.so
7f150cc3d000-7f150cc3e000 rw-p 00010000 08:03 12324548                   /usr/java/jdk1.8.0_102/jre/lib/amd64/libnio.so
7f150cc3e000-7f150cc54000 r-xp 00000000 08:03 12324547                   /usr/java/jdk1.8.0_102/jre/lib/amd64/libnet.so
7f150cc54000-7f150ce54000 ---p 00016000 08:03 12324547                   /usr/java/jdk1.8.0_102/jre/lib/amd64/libnet.so
7f150ce54000-7f150ce55000 rw-p 00016000 08:03 12324547                   /usr/java/jdk1.8.0_102/jre/lib/amd64/libnet.so
7f150ce55000-7f150ce60000 r--s 0021a000 08:03 12977044                   /usr/java/jdk1.8.0_102/jre/lib/ext/localedata.jar
7f150ce60000-7f150ce61000 r--s 00006000 08:03 16779027                   /home/pedro/.gradle/wrapper/dists/gradle-3.3-all/55gk2rcmfc6p2dg9u9ohc3hw9/gradle-3.3/lib/gradle-wrapper-3.3.jar
7f150ce61000-7f150ce6e000 r--s 00041000 08:03 16779034                   /home/pedro/.gradle/wrapper/dists/gradle-3.3-all/55gk2rcmfc6p2dg9u9ohc3hw9/gradle-3.3/lib/gradle-tooling-api-3.3.jar
7f150ce6e000-7f150ce70000 r--s 00002000 08:03 16779054                   /home/pedro/.gradle/wrapper/dists/gradle-3.3-all/55gk2rcmfc6p2dg9u9ohc3hw9/gradle-3.3/lib/gradle-open-api-3.3.jar
7f150ce70000-7f150ce76000 r--s 00032000 08:03 16779056                   /home/pedro/.gradle/wrapper/dists/gradle-3.3-all/55gk2rcmfc6p2dg9u9ohc3hw9/gradle-3.3/lib/jaxen-1.1.jar
7f150ce76000-7f150ce7b000 r--s 00048000 08:03 16779055                   /home/pedro/.gradle/wrapper/dists/gradle-3.3-all/55gk2rcmfc6p2dg9u9ohc3hw9/gradle-3.3/lib/dom4j-1.6.1.jar
7f150ce7b000-7f150ce86000 r--s 00059000 08:03 16779033                   /home/pedro/.gradle/wrapper/dists/gradle-3.3-all/55gk2rcmfc6p2dg9u9ohc3hw9/gradle-3.3/lib/gradle-ui-3.3.jar
7f150ce86000-7f150ce8f000 r--s 0008c000 08:03 16779025                   /home/pedro/.gradle/wrapper/dists/gradle-3.3-all/55gk2rcmfc6p2dg9u9ohc3hw9/gradle-3.3/lib/kotlin-stdlib-1.1-M02.jar
7f150ce8f000-7f150ce95000 r--s 0002a000 08:03 16779024                   /home/pedro/.gradle/wrapper/dists/gradle-3.3-all/55gk2rcmfc6p2dg9u9ohc3hw9/gradle-3.3/lib/kotlin-runtime-1.1-M02.jar
7f150ce95000-7f150cec9000 r--s 00256000 08:03 16779023                   /home/pedro/.gradle/wrapper/dists/gradle-3.3-all/55gk2rcmfc6p2dg9u9ohc3hw9/gradle-3.3/lib/kotlin-reflect-1.1-M02.jar
7f150cec9000-7f150d05f000 r--s 0157e000 08:03 16779022                   /home/pedro/.gradle/wrapper/dists/gradle-3.3-all/55gk2rcmfc6p2dg9u9ohc3hw9/gradle-3.3/lib/kotlin-compiler-embeddable-1.1-M02.jar
7f150d05f000-7f150d067000 r--s 0004e000 08:03 16779021                   /home/pedro/.gradle/wrapper/dists/gradle-3.3-all/55gk2rcmfc6p2dg9u9ohc3hw9/gradle-3.3/lib/gradle-script-kotlin-0.5.1.jar
7f150d067000-7f150d06a000 r--s 0000b000 08:03 16779052                   /home/pedro/.gradle/wrapper/dists/gradle-3.3-all/55gk2rcmfc6p2dg9u9ohc3hw9/gradle-3.3/lib/gradle-resources-3.3.jar
7f150d06a000-7f150d06c000 r--s 00003000 08:03 16779061                   /home/pedro/.gradle/wrapper/dists/gradle-3.3-all/55gk2rcmfc6p2dg9u9ohc3hw9/gradle-3.3/lib/jcl-over-slf4j-1.7.10.jar
7f150d06c000-7f150d06e000 r--s 00000000 08:03 16779059                   /home/pedro/.gradle/wrapper/dists/gradle-3.3-all/55gk2rcmfc6p2dg9u9ohc3hw9/gradle-3.3/lib/jul-to-slf4j-1.7.10.jar
7f150d06e000-7f150d073000 r--s 0001e000 08:03 16779036                   /home/pedro/.gradle/wrapper/dists/gradle-3.3-all/55gk2rcmfc6p2dg9u9ohc3hw9/gradle-3.3/lib/gradle-logging-3.3.jar
7f150d073000-7f150d075000 r--s 00007000 08:03 16779080                   /home/pedro/.gradle/wrapper/dists/gradle-3.3-all/55gk2rcmfc6p2dg9u9ohc3hw9/gradle-3.3/lib/objenesis-1.2.jar
7f150d075000-7f150d077000 r--s 00000000 08:03 16779079                   /home/pedro/.gradle/wrapper/dists/gradle-3.3-all/55gk2rcmfc6p2dg9u9ohc3hw9/gradle-3.3/lib/minlog-1.2.jar
7f150d077000-7f150d07b000 r--s 00026000 08:03 16779063                   /home/pedro/.gradle/wrapper/dists/gradle-3.3-all/55gk2rcmfc6p2dg9u9ohc3hw9/gradle-3.3/lib/kryo-2.20.jar
7f150d07b000-7f150d081000 r--s 00027000 08:03 16779051                   /home/pedro/.gradle/wrapper/dists/gradle-3.3-all/55gk2rcmfc6p2dg9u9ohc3hw9/gradle-3.3/lib/gradle-messaging-3.3.jar
7f150d081000-7f150d0f1000 r--s 00641000 08:03 16779041                   /home/pedro/.gradle/wrapper/dists/gradle-3.3-all/55gk2rcmfc6p2dg9u9ohc3hw9/gradle-3.3/lib/groovy-all-2.4.7.jar
7f150d0f1000-7f150d0f2000 ---p 00000000 00:00 0 
7f150d0f2000-7f150d1f2000 rw-p 00000000 00:00 0 
7f150d1f2000-7f150d1f5000 ---p 00000000 00:00 0 
7f150d1f5000-7f150d2f3000 rw-p 00000000 00:00 0 
7f150d2f3000-7f150d2f6000 ---p 00000000 00:00 0 
7f150d2f6000-7f150d3f4000 rw-p 00000000 00:00 0 
7f150d3f4000-7f150d3f7000 ---p 00000000 00:00 0 
7f150d3f7000-7f150d4f5000 rw-p 00000000 00:00 0 
7f150d4f5000-7f150d4f8000 ---p 00000000 00:00 0 
7f150d4f8000-7f150d5f6000 rw-p 00000000 00:00 0 
7f150d5f6000-7f150d5f9000 ---p 00000000 00:00 0 
7f150d5f9000-7f150d6f7000 rw-p 00000000 00:00 0 
7f150d6f7000-7f150d6fa000 ---p 00000000 00:00 0 
7f150d6fa000-7f150d7f8000 rw-p 00000000 00:00 0 
7f150d7f8000-7f150d7fb000 ---p 00000000 00:00 0 
7f150d7fb000-7f150d8f9000 rw-p 00000000 00:00 0 
7f150d8f9000-7f150d8fa000 ---p 00000000 00:00 0 
7f150d8fa000-7f1511000000 rw-p 00000000 00:00 0 
7f1511000000-7f15147c0000 rwxp 00000000 00:00 0 
7f15147c0000-7f1520000000 ---p 00000000 00:00 0 
7f1520000000-7f1520d5a000 rw-p 00000000 00:00 0 
7f1520d5a000-7f1524000000 ---p 00000000 00:00 0 
7f1524000000-7f1524001000 r--s 00005000 08:03 16779060                   /home/pedro/.gradle/wrapper/dists/gradle-3.3-all/55gk2rcmfc6p2dg9u9ohc3hw9/gradle-3.3/lib/log4j-over-slf4j-1.7.10.jar
7f1524001000-7f1524003000 r--s 0000f000 08:03 16779078                   /home/pedro/.gradle/wrapper/dists/gradle-3.3-all/55gk2rcmfc6p2dg9u9ohc3hw9/gradle-3.3/lib/reflectasm-1.07-shaded.jar
7f1524003000-7f1524004000 r--s 00001000 08:03 16779077                   /home/pedro/.gradle/wrapper/dists/gradle-3.3-all/55gk2rcmfc6p2dg9u9ohc3hw9/gradle-3.3/lib/native-platform-linux-i386-ncurses6-0.12.jar
7f1524004000-7f1524005000 r--s 00001000 08:03 16779076                   /home/pedro/.gradle/wrapper/dists/gradle-3.3-all/55gk2rcmfc6p2dg9u9ohc3hw9/gradle-3.3/lib/native-platform-linux-i386-ncurses5-0.12.jar
7f1524005000-7f1524006000 r--s 00001000 08:03 16779075                   /home/pedro/.gradle/wrapper/dists/gradle-3.3-all/55gk2rcmfc6p2dg9u9ohc3hw9/gradle-3.3/lib/native-platform-linux-amd64-ncurses6-0.12.jar
7f1524006000-7f1524007000 r--s 00001000 08:03 16779074                   /home/pedro/.gradle/wrapper/dists/gradle-3.3-all/55gk2rcmfc6p2dg9u9ohc3hw9/gradle-3.3/lib/native-platform-linux-amd64-ncurses5-0.12.jar
7f1524007000-7f1524008000 r--s 0000b000 08:03 16779073                   /home/pedro/.gradle/wrapper/dists/gradle-3.3-all/55gk2rcmfc6p2dg9u9ohc3hw9/gradle-3.3/lib/native-platform-windows-i386-0.12.jar
7f1524008000-7f152400a000 r--s 0000b000 08:03 16779072                   /home/pedro/.gradle/wrapper/dists/gradle-3.3-all/55gk2rcmfc6p2dg9u9ohc3hw9/gradle-3.3/lib/native-platform-windows-amd64-0.12.jar
7f152400a000-7f152400c000 r--s 00002000 08:03 16779071                   /home/pedro/.gradle/wrapper/dists/gradle-3.3-all/55gk2rcmfc6p2dg9u9ohc3hw9/gradle-3.3/lib/native-platform-osx-i386-0.12.jar
7f152400c000-7f152400d000 r--s 00002000 08:03 16779070                   /home/pedro/.gradle/wrapper/dists/gradle-3.3-all/55gk2rcmfc6p2dg9u9ohc3hw9/gradle-3.3/lib/native-platform-osx-amd64-0.12.jar
7f152400d000-7f152400e000 r--s 00002000 08:03 16779069                   /home/pedro/.gradle/wrapper/dists/gradle-3.3-all/55gk2rcmfc6p2dg9u9ohc3hw9/gradle-3.3/lib/native-platform-linux-i386-0.12.jar
7f152400e000-7f152400f000 r--s 00002000 08:03 16779068                   /home/pedro/.gradle/wrapper/dists/gradle-3.3-all/55gk2rcmfc6p2dg9u9ohc3hw9/gradle-3.3/lib/native-platform-linux-amd64-0.12.jar
7f152400f000-7f1524010000 r--s 00003000 08:03 16779067                   /home/pedro/.gradle/wrapper/dists/gradle-3.3-all/55gk2rcmfc6p2dg9u9ohc3hw9/gradle-3.3/lib/native-platform-freebsd-i386-libstdcpp-0.12.jar
7f1524010000-7f1524011000 r--s 00004000 08:03 16779066                   /home/pedro/.gradle/wrapper/dists/gradle-3.3-all/55gk2rcmfc6p2dg9u9ohc3hw9/gradle-3.3/lib/native-platform-freebsd-i386-libcpp-0.12.jar
7f1524011000-7f1524013000 r--s 00003000 08:03 16779065                   /home/pedro/.gradle/wrapper/dists/gradle-3.3-all/55gk2rcmfc6p2dg9u9ohc3hw9/gradle-3.3/lib/native-platform-freebsd-amd64-libstdcpp-0.12.jar
7f1524013000-7f1524014000 r--s 00004000 08:03 16779064                   /home/pedro/.gradle/wrapper/dists/gradle-3.3-all/55gk2rcmfc6p2dg9u9ohc3hw9/gradle-3.3/lib/native-platform-freebsd-amd64-libcpp-0.12.jar
7f1524014000-7f1524017000 r--s 00023000 08:03 16779058                   /home/pedro/.gradle/wrapper/dists/gradle-3.3-all/55gk2rcmfc6p2dg9u9ohc3hw9/gradle-3.3/lib/jansi-1.14.jar
7f1524017000-7f152401b000 r--s 00011000 08:03 16779057                   /home/pedro/.gradle/wrapper/dists/gradle-3.3-all/55gk2rcmfc6p2dg9u9ohc3hw9/gradle-3.3/lib/native-platform-0.12.jar
7f152401b000-7f152401e000 r--s 0000a000 08:03 16779035                   /home/pedro/.gradle/wrapper/dists/gradle-3.3-all/55gk2rcmfc6p2dg9u9ohc3hw9/gradle-3.3/lib/gradle-native-3.3.jar
7f152401e000-7f1524020000 r--s 00005000 08:03 16779032                   /home/pedro/.gradle/wrapper/dists/gradle-3.3-all/55gk2rcmfc6p2dg9u9ohc3hw9/gradle-3.3/lib/gradle-cli-3.3.jar
7f1524020000-7f1524022000 r--s 00007000 08:03 16779043                   /home/pedro/.gradle/wrapper/dists/gradle-3.3-all/55gk2rcmfc6p2dg9u9ohc3hw9/gradle-3.3/lib/gradle-model-groovy-3.3.jar
7f1524022000-7f1524024000 r--s 00006000 08:03 16779050                   /home/pedro/.gradle/wrapper/dists/gradle-3.3-all/55gk2rcmfc6p2dg9u9ohc3hw9/gradle-3.3/lib/gradle-base-services-groovy-3.3.jar
7f1524024000-7f1524033000 r--s 0007f000 08:03 16779042                   /home/pedro/.gradle/wrapper/dists/gradle-3.3-all/55gk2rcmfc6p2dg9u9ohc3hw9/gradle-3.3/lib/gradle-model-core-3.3.jar
7f1524033000-7f1524040000 r--s 00083000 08:03 16779046                   /home/pedro/.gradle/wrapper/dists/gradle-3.3-all/55gk2rcmfc6p2dg9u9ohc3hw9/gradle-3.3/lib/commons-collections-3.2.2.jar
7f1524040000-7f1524068000 r--s 001cf000 08:03 16779038                   /home/pedro/.gradle/wrapper/dists/gradle-3.3-all/55gk2rcmfc6p2dg9u9ohc3hw9/gradle-3.3/lib/guava-jdk5-17.0.jar
7f1524068000-7f1524087000 r--s 001d1000 08:03 16779045                   /home/pedro/.gradle/wrapper/dists/gradle-3.3-all/55gk2rcmfc6p2dg9u9ohc3hw9/gradle-3.3/lib/ant-1.9.6.jar
7f1524087000-7f15240c4000 r--s 001f8000 08:03 16779031                   /home/pedro/.gradle/wrapper/dists/gradle-3.3-all/55gk2rcmfc6p2dg9u9ohc3hw9/gradle-3.3/lib/gradle-core-3.3.jar
7f15240c4000-7f1524aa0000 rw-p 00000000 00:00 0 
7f1524aa0000-7f1524c78000 r--s 03ce1000 08:03 12324572                   /usr/java/jdk1.8.0_102/jre/lib/rt.jar
7f1524c78000-7f15257ee000 rw-p 00000000 00:00 0 
7f15257ee000-7f15257ef000 ---p 00000000 00:00 0 
7f15257ef000-7f15258ef000 rw-p 00000000 00:00 0 
7f15258ef000-7f15258f0000 ---p 00000000 00:00 0 
7f15258f0000-7f15259f0000 rw-p 00000000 00:00 0 
7f15259f0000-7f15259f1000 ---p 00000000 00:00 0 
7f15259f1000-7f1525af1000 rw-p 00000000 00:00 0 
7f1525af1000-7f1525af2000 ---p 00000000 00:00 0 
7f1525af2000-7f1525c3a000 rw-p 00000000 00:00 0 
7f1525c3a000-7f1525df2000 ---p 00000000 00:00 0 
7f1525df2000-7f1525e3a000 rw-p 00000000 00:00 0 
7f1525e3a000-7f1525ff2000 ---p 00000000 00:00 0 
7f1525ff2000-7f15260f2000 rw-p 00000000 00:00 0 
7f15260f2000-7f15261d2000 rw-p 00000000 00:00 0 
7f15261d2000-7f15264b3000 ---p 00000000 00:00 0 
7f15264b3000-7f15264cd000 r-xp 00000000 08:03 12324562                   /usr/java/jdk1.8.0_102/jre/lib/amd64/libzip.so
7f15264cd000-7f15266cd000 ---p 0001a000 08:03 12324562                   /usr/java/jdk1.8.0_102/jre/lib/amd64/libzip.so
7f15266cd000-7f15266ce000 rw-p 0001a000 08:03 12324562                   /usr/java/jdk1.8.0_102/jre/lib/amd64/libzip.so
7f15266ce000-7f15266d9000 r-xp 00000000 08:03 9706268                    /usr/lib64/libnss_files-2.23.so
7f15266d9000-7f15268d8000 ---p 0000b000 08:03 9706268                    /usr/lib64/libnss_files-2.23.so
7f15268d8000-7f15268d9000 r--p 0000a000 08:03 9706268                    /usr/lib64/libnss_files-2.23.so
7f15268d9000-7f15268da000 rw-p 0000b000 08:03 9706268                    /usr/lib64/libnss_files-2.23.so
7f15268da000-7f15268e0000 rw-p 00000000 00:00 0 
7f15268e0000-7f152690a000 r-xp 00000000 08:03 12324526                   /usr/java/jdk1.8.0_102/jre/lib/amd64/libjava.so
7f152690a000-7f1526b0a000 ---p 0002a000 08:03 12324526                   /usr/java/jdk1.8.0_102/jre/lib/amd64/libjava.so
7f1526b0a000-7f1526b0c000 rw-p 0002a000 08:03 12324526                   /usr/java/jdk1.8.0_102/jre/lib/amd64/libjava.so
7f1526b0c000-7f1526b19000 r-xp 00000000 08:03 12324561                   /usr/java/jdk1.8.0_102/jre/lib/amd64/libverify.so
7f1526b19000-7f1526d19000 ---p 0000d000 08:03 12324561                   /usr/java/jdk1.8.0_102/jre/lib/amd64/libverify.so
7f1526d19000-7f1526d1b000 rw-p 0000d000 08:03 12324561                   /usr/java/jdk1.8.0_102/jre/lib/amd64/libverify.so
7f1526d1b000-7f1526d22000 r-xp 00000000 08:03 9706280                    /usr/lib64/librt-2.23.so
7f1526d22000-7f1526f21000 ---p 00007000 08:03 9706280                    /usr/lib64/librt-2.23.so
7f1526f21000-7f1526f22000 r--p 00006000 08:03 9706280                    /usr/lib64/librt-2.23.so
7f1526f22000-7f1526f23000 rw-p 00007000 08:03 9706280                    /usr/lib64/librt-2.23.so
7f1526f23000-7f152702b000 r-xp 00000000 08:03 9706256                    /usr/lib64/libm-2.23.so
7f152702b000-7f152722a000 ---p 00108000 08:03 9706256                    /usr/lib64/libm-2.23.so
7f152722a000-7f152722b000 r--p 00107000 08:03 9706256                    /usr/lib64/libm-2.23.so
7f152722b000-7f152722c000 rw-p 00108000 08:03 9706256                    /usr/lib64/libm-2.23.so
7f152722c000-7f1527ef8000 r-xp 00000000 08:03 12324566                   /usr/java/jdk1.8.0_102/jre/lib/amd64/server/libjvm.so
7f1527ef8000-7f15280f8000 ---p 00ccc000 08:03 12324566                   /usr/java/jdk1.8.0_102/jre/lib/amd64/server/libjvm.so
7f15280f8000-7f15281d1000 rw-p 00ccc000 08:03 12324566                   /usr/java/jdk1.8.0_102/jre/lib/amd64/server/libjvm.so
7f15281d1000-7f152821c000 rw-p 00000000 00:00 0 
7f152821c000-7f15283d5000 r-xp 00000000 08:03 9706248                    /usr/lib64/libc-2.23.so
7f15283d5000-7f15285d4000 ---p 001b9000 08:03 9706248                    /usr/lib64/libc-2.23.so
7f15285d4000-7f15285d8000 r--p 001b8000 08:03 9706248                    /usr/lib64/libc-2.23.so
7f15285d8000-7f15285da000 rw-p 001bc000 08:03 9706248                    /usr/lib64/libc-2.23.so
7f15285da000-7f15285de000 rw-p 00000000 00:00 0 
7f15285de000-7f15285e1000 r-xp 00000000 08:03 9706254                    /usr/lib64/libdl-2.23.so
7f15285e1000-7f15287e0000 ---p 00003000 08:03 9706254                    /usr/lib64/libdl-2.23.so
7f15287e0000-7f15287e1000 r--p 00002000 08:03 9706254                    /usr/lib64/libdl-2.23.so
7f15287e1000-7f15287e2000 rw-p 00003000 08:03 9706254                    /usr/lib64/libdl-2.23.so
7f15287e2000-7f15287f7000 r-xp 00000000 08:03 13501272                   /usr/java/jdk1.8.0_102/lib/amd64/jli/libjli.so
7f15287f7000-7f15289f7000 ---p 00015000 08:03 13501272                   /usr/java/jdk1.8.0_102/lib/amd64/jli/libjli.so
7f15289f7000-7f15289f8000 rw-p 00015000 08:03 13501272                   /usr/java/jdk1.8.0_102/lib/amd64/jli/libjli.so
7f15289f8000-7f1528a0f000 r-xp 00000000 08:03 9706276                    /usr/lib64/libpthread-2.23.so
7f1528a0f000-7f1528c0e000 ---p 00017000 08:03 9706276                    /usr/lib64/libpthread-2.23.so
7f1528c0e000-7f1528c0f000 r--p 00016000 08:03 9706276                    /usr/lib64/libpthread-2.23.so
7f1528c0f000-7f1528c10000 rw-p 00017000 08:03 9706276                    /usr/lib64/libpthread-2.23.so
7f1528c10000-7f1528c14000 rw-p 00000000 00:00 0 
7f1528c14000-7f1528c38000 r-xp 00000000 08:03 9706241                    /usr/lib64/ld-2.23.so
7f1528c38000-7f1528c39000 r--s 00002000 08:03 16779053                   /home/pedro/.gradle/wrapper/dists/gradle-3.3-all/55gk2rcmfc6p2dg9u9ohc3hw9/gradle-3.3/lib/gradle-docs-3.3.jar
7f1528c39000-7f1528c3a000 r--s 00000000 08:03 16779049                   /home/pedro/.gradle/wrapper/dists/gradle-3.3-all/55gk2rcmfc6p2dg9u9ohc3hw9/gradle-3.3/lib/javax.inject-1.jar
7f1528c3a000-7f1528c3b000 r--s 00000000 08:03 16779048                   /home/pedro/.gradle/wrapper/dists/gradle-3.3-all/55gk2rcmfc6p2dg9u9ohc3hw9/gradle-3.3/lib/jcip-annotations-1.0.jar
7f1528c3b000-7f1528c3f000 r--s 00027000 08:03 16779047                   /home/pedro/.gradle/wrapper/dists/gradle-3.3-all/55gk2rcmfc6p2dg9u9ohc3hw9/gradle-3.3/lib/commons-io-2.2.jar
7f1528c3f000-7f1528c44000 r--s 00038000 08:03 16779044                   /home/pedro/.gradle/wrapper/dists/gradle-3.3-all/55gk2rcmfc6p2dg9u9ohc3hw9/gradle-3.3/lib/asm-all-5.1.jar
7f1528c44000-7f1528c45000 r--s 00001000 08:03 16779040                   /home/pedro/.gradle/wrapper/dists/gradle-3.3-all/55gk2rcmfc6p2dg9u9ohc3hw9/gradle-3.3/lib/gradle-process-services-3.3.jar
7f1528c45000-7f1528c47000 r--s 00000000 08:03 16779030                   /home/pedro/.gradle/wrapper/dists/gradle-3.3-all/55gk2rcmfc6p2dg9u9ohc3hw9/gradle-3.3/lib/gradle-jvm-services-3.3.jar
7f1528c47000-7f1528c4c000 r--s 00041000 08:03 16779039                   /home/pedro/.gradle/wrapper/dists/gradle-3.3-all/55gk2rcmfc6p2dg9u9ohc3hw9/gradle-3.3/lib/commons-lang-2.6.jar
7f1528c4c000-7f1528d0e000 rw-p 00000000 00:00 0 
7f1528d0e000-7f1528d11000 ---p 00000000 00:00 0 
7f1528d11000-7f1528e13000 rw-p 00000000 00:00 0 
7f1528e13000-7f1528e14000 r--s 00000000 08:03 16779195                   /home/pedro/.gradle/wrapper/dists/gradle-3.3-all/55gk2rcmfc6p2dg9u9ohc3hw9/gradle-3.3/lib/gradle-version-info-3.3.jar
7f1528e14000-7f1528e15000 r--s 00007000 08:03 16779037                   /home/pedro/.gradle/wrapper/dists/gradle-3.3-all/55gk2rcmfc6p2dg9u9ohc3hw9/gradle-3.3/lib/slf4j-api-1.7.10.jar
7f1528e15000-7f1528e16000 r--s 00004000 08:03 16779062                   /home/pedro/.gradle/wrapper/dists/gradle-3.3-all/55gk2rcmfc6p2dg9u9ohc3hw9/gradle-3.3/lib/ant-launcher-1.9.6.jar
7f1528e16000-7f1528e1f000 r--s 00042000 08:03 16779029                   /home/pedro/.gradle/wrapper/dists/gradle-3.3-all/55gk2rcmfc6p2dg9u9ohc3hw9/gradle-3.3/lib/gradle-base-services-3.3.jar
7f1528e1f000-7f1528e2c000 r--s 0005c000 08:03 16779026                   /home/pedro/.gradle/wrapper/dists/gradle-3.3-all/55gk2rcmfc6p2dg9u9ohc3hw9/gradle-3.3/lib/gradle-launcher-3.3.jar
7f1528e2c000-7f1528e34000 rw-s 00000000 00:27 46655                      /tmp/hsperfdata_pedro/3726
7f1528e34000-7f1528e35000 rw-p 00000000 00:00 0 
7f1528e35000-7f1528e36000 ---p 00000000 00:00 0 
7f1528e36000-7f1528e37000 rw-p 00000000 00:00 0 
7f1528e37000-7f1528e38000 r--p 00023000 08:03 9706241                    /usr/lib64/ld-2.23.so
7f1528e38000-7f1528e39000 rw-p 00024000 08:03 9706241                    /usr/lib64/ld-2.23.so
7f1528e39000-7f1528e3a000 rw-p 00000000 00:00 0 
7ffc58c30000-7ffc58c51000 rw-p 00000000 00:00 0                          [stack]
7ffc58cf8000-7ffc58cfa000 r--p 00000000 00:00 0                          [vvar]
7ffc58cfa000-7ffc58cfc000 r-xp 00000000 00:00 0                          [vdso]
ffffffffff600000-ffffffffff601000 r-xp 00000000 00:00 0                  [vsyscall]

VM Arguments:
jvm_args: -Xmx1536m -Dfile.encoding=UTF-8 -Duser.country=BR -Duser.language=pt -Duser.variant 
java_command: org.gradle.launcher.daemon.bootstrap.GradleDaemon 3.3
java_class_path (initial): /home/pedro/.gradle/wrapper/dists/gradle-3.3-all/55gk2rcmfc6p2dg9u9ohc3hw9/gradle-3.3/lib/gradle-launcher-3.3.jar
Launcher Type: SUN_STANDARD

Environment Variables:
PATH=/usr/lib64/qt-3.3/bin:/usr/local/bin:/usr/local/sbin:/usr/bin:/usr/sbin:/home/pedro/.local/bin:/home/pedro/bin
USERNAME=pedro
LD_LIBRARY_PATH=android-studio/bin/.:
SHELL=/bin/bash
DISPLAY=:0

Signal Handlers:
SIGSEGV: [libjvm.so+0xac5b30], sa_mask[0]=11111111011111111101111111111110, sa_flags=SA_RESTART|SA_SIGINFO
SIGBUS: [libjvm.so+0xac5b30], sa_mask[0]=11111111011111111101111111111110, sa_flags=SA_RESTART|SA_SIGINFO
SIGFPE: [libjvm.so+0x91f470], sa_mask[0]=11111111011111111101111111111110, sa_flags=SA_RESTART|SA_SIGINFO
SIGPIPE: [libjvm.so+0x91f470], sa_mask[0]=11111111011111111101111111111110, sa_flags=SA_RESTART|SA_SIGINFO
SIGXFSZ: [libjvm.so+0x91f470], sa_mask[0]=11111111011111111101111111111110, sa_flags=SA_RESTART|SA_SIGINFO
SIGILL: [libjvm.so+0x91f470], sa_mask[0]=11111111011111111101111111111110, sa_flags=SA_RESTART|SA_SIGINFO
SIGUSR1: SIG_DFL, sa_mask[0]=00000000000000000000000000000000, sa_flags=none
SIGUSR2: [libjvm.so+0x920aa0], sa_mask[0]=00100000000000000000000000000000, sa_flags=SA_RESTART|SA_SIGINFO
SIGHUP: [libjvm.so+0x921ea0], sa_mask[0]=11111111011111111101111111111110, sa_flags=SA_RESTART|SA_SIGINFO
SIGINT: [libjvm.so+0x921ea0], sa_mask[0]=11111111011111111101111111111110, sa_flags=SA_RESTART|SA_SIGINFO
SIGTERM: [libjvm.so+0x921ea0], sa_mask[0]=11111111011111111101111111111110, sa_flags=SA_RESTART|SA_SIGINFO
SIGQUIT: [libjvm.so+0x921ea0], sa_mask[0]=11111111011111111101111111111110, sa_flags=SA_RESTART|SA_SIGINFO


---------------  S Y S T E M  ---------------

OS:Fedora release 24 (Twenty Four)

uname:Linux 4.8.8-200.fc24.x86_64 #1 SMP Tue Nov 15 19:41:51 UTC 2016 x86_64
libc:glibc 2.23 NPTL 2.23 
rlimit: STACK 8192k, CORE 0k, NPROC 15339, NOFILE 4096, AS infinity
load average:5,30 1,91 1,20

/proc/meminfo:
MemTotal:        3949012 kB
MemFree:          116708 kB
MemAvailable:      75476 kB
Buffers:            1880 kB
Cached:           413112 kB
SwapCached:            0 kB
Active:          3184128 kB
Inactive:         401064 kB
Active(anon):    3175372 kB
Inactive(anon):   311180 kB
Active(file):       8756 kB
Inactive(file):    89884 kB
Unevictable:         256 kB
Mlocked:             256 kB
SwapTotal:             0 kB
SwapFree:              0 kB
Dirty:               736 kB
Writeback:          1180 kB
AnonPages:       3170648 kB
Mapped:           128040 kB
Shmem:            316160 kB
Slab:             117828 kB
SReclaimable:      55720 kB
SUnreclaim:        62108 kB
KernelStack:       11280 kB
PageTables:        55976 kB
NFS_Unstable:          0 kB
Bounce:                0 kB
WritebackTmp:          0 kB
CommitLimit:     1974504 kB
Committed_AS:    7610448 kB
VmallocTotal:   34359738367 kB
VmallocUsed:           0 kB
VmallocChunk:          0 kB
HardwareCorrupted:     0 kB
AnonHugePages:         0 kB
ShmemHugePages:        0 kB
ShmemPmdMapped:        0 kB
CmaTotal:              0 kB
CmaFree:               0 kB
HugePages_Total:       0
HugePages_Free:        0
HugePages_Rsvd:        0
HugePages_Surp:        0
Hugepagesize:       2048 kB
DirectMap4k:      154180 kB
DirectMap2M:     3942400 kB
DirectMap1G:           0 kB


CPU:total 4 (2 cores per cpu, 2 threads per core) family 6 model 69 stepping 1, cmov, cx8, fxsr, mmx, sse, sse2, sse3, ssse3, sse4.1, sse4.2, popcnt, avx, avx2, aes, clmul, erms, lzcnt, ht, tsc, tscinvbit, bmi1, bmi2

/proc/cpuinfo:
processor	: 0
vendor_id	: GenuineIntel
cpu family	: 6
model		: 69
model name	: Intel(R) Core(TM) i3-4005U CPU @ 1.70GHz
stepping	: 1
microcode	: 0x1f
cpu MHz		: 1699.896
cache size	: 3072 KB
physical id	: 0
siblings	: 4
core id		: 0
cpu cores	: 2
apicid		: 0
initial apicid	: 0
fpu		: yes
fpu_exception	: yes
cpuid level	: 13
wp		: yes
flags		: fpu vme de pse tsc msr pae mce cx8 apic sep mtrr pge mca cmov pat pse36 clflush dts acpi mmx fxsr sse sse2 ss ht tm pbe syscall nx pdpe1gb rdtscp lm constant_tsc arch_perfmon pebs bts rep_good nopl xtopology nonstop_tsc aperfmperf eagerfpu pni pclmulqdq dtes64 monitor ds_cpl vmx est tm2 ssse3 sdbg fma cx16 xtpr pdcm pcid sse4_1 sse4_2 movbe popcnt tsc_deadline_timer aes xsave avx f16c rdrand lahf_lm abm epb tpr_shadow vnmi flexpriority ept vpid fsgsbase tsc_adjust bmi1 avx2 smep bmi2 erms invpcid xsaveopt dtherm ida arat pln pts
bugs		:
bogomips	: 3392.12
clflush size	: 64
cache_alignment	: 64
address sizes	: 39 bits physical, 48 bits virtual
power management:

processor	: 1
vendor_id	: GenuineIntel
cpu family	: 6
model		: 69
model name	: Intel(R) Core(TM) i3-4005U CPU @ 1.70GHz
stepping	: 1
microcode	: 0x1f
cpu MHz		: 1700.000
cache size	: 3072 KB
physical id	: 0
siblings	: 4
core id		: 1
cpu cores	: 2
apicid		: 2
initial apicid	: 2
fpu		: yes
fpu_exception	: yes
cpuid level	: 13
wp		: yes
flags		: fpu vme de pse tsc msr pae mce cx8 apic sep mtrr pge mca cmov pat pse36 clflush dts acpi mmx fxsr sse sse2 ss ht tm pbe syscall nx pdpe1gb rdtscp lm constant_tsc arch_perfmon pebs bts rep_good nopl xtopology nonstop_tsc aperfmperf eagerfpu pni pclmulqdq dtes64 monitor ds_cpl vmx est tm2 ssse3 sdbg fma cx16 xtpr pdcm pcid sse4_1 sse4_2 movbe popcnt tsc_deadline_timer aes xsave avx f16c rdrand lahf_lm abm epb tpr_shadow vnmi flexpriority ept vpid fsgsbase tsc_adjust bmi1 avx2 smep bmi2 erms invpcid xsaveopt dtherm ida arat pln pts
bugs		:
bogomips	: 3395.78
clflush size	: 64
cache_alignment	: 64
address sizes	: 39 bits physical, 48 bits virtual
power management:

processor	: 2
vendor_id	: GenuineIntel
cpu family	: 6
model		: 69
model name	: Intel(R) Core(TM) i3-4005U CPU @ 1.70GHz
stepping	: 1
microcode	: 0x1f
cpu MHz		: 1700.000
cache size	: 3072 KB
physical id	: 0
siblings	: 4
core id		: 0
cpu cores	: 2
apicid		: 1
initial apicid	: 1
fpu		: yes
fpu_exception	: yes
cpuid level	: 13
wp		: yes
flags		: fpu vme de pse tsc msr pae mce cx8 apic sep mtrr pge mca cmov pat pse36 clflush dts acpi mmx fxsr sse sse2 ss ht tm pbe syscall nx pdpe1gb rdtscp lm constant_tsc arch_perfmon pebs bts rep_good nopl xtopology nonstop_tsc aperfmperf eagerfpu pni pclmulqdq dtes64 monitor ds_cpl vmx est tm2 ssse3 sdbg fma cx16 xtpr pdcm pcid sse4_1 sse4_2 movbe popcnt tsc_deadline_timer aes xsave avx f16c rdrand lahf_lm abm epb tpr_shadow vnmi flexpriority ept vpid fsgsbase tsc_adjust bmi1 avx2 smep bmi2 erms invpcid xsaveopt dtherm ida arat pln pts
bugs		:
bogomips	: 3398.42
clflush size	: 64
cache_alignment	: 64
address sizes	: 39 bits physical, 48 bits virtual
power management:

processor	: 3
vendor_id	: GenuineIntel
cpu family	: 6
model		: 69
model name	: Intel(R) Core(TM) i3-4005U CPU @ 1.70GHz
stepping	: 1
microcode	: 0x1f
cpu MHz		: 1700.622
cache size	: 3072 KB
physical id	: 0
siblings	: 4
core id		: 1
cpu cores	: 2
apicid		: 3
initial apicid	: 3
fpu		: yes
fpu_exception	: yes
cpuid level	: 13
wp		: yes
flags		: fpu vme de pse tsc msr pae mce cx8 apic sep mtrr pge mca cmov pat pse36 clflush dts acpi mmx fxsr sse sse2 ss ht tm pbe syscall nx pdpe1gb rdtscp lm constant_tsc arch_perfmon pebs bts rep_good nopl xtopology nonstop_tsc aperfmperf eagerfpu pni pclmulqdq dtes64 monitor ds_cpl vmx est tm2 ssse3 sdbg fma cx16 xtpr pdcm pcid sse4_1 sse4_2 movbe popcnt tsc_deadline_timer aes xsave avx f16c rdrand lahf_lm abm epb tpr_shadow vnmi flexpriority ept vpid fsgsbase tsc_adjust bmi1 avx2 smep bmi2 erms invpcid xsaveopt dtherm ida arat pln pts
bugs		:
bogomips	: 3396.19
clflush size	: 64
cache_alignment	: 64
address sizes	: 39 bits physical, 48 bits virtual
power management:



Memory: 4k page, physical 3949012k(116708k free), swap 0k(0k free)

vm_info: Java HotSpot(TM) 64-Bit Server VM (25.102-b14) for linux-amd64 JRE (1.8.0_102-b14), built on Jun 22 2016 18:43:17 by "java_re" with gcc 4.3.0 20080428 (Red Hat 4.3.0-8)

time: Sat Apr 15 15:01:32 2017
elapsed time: 2660 seconds (0d 0h 44m 20s)

